Started by an SCM change
Running as SYSTEM
Building remotely on maven-agent (maven) in workspace /home/jenkins/agent/workspace/maven
The recommended git tool is: NONE
No credentials specified
 > git rev-parse --resolve-git-dir /home/jenkins/agent/workspace/maven/.git # timeout=10
Fetching changes from the remote Git repository
 > git config remote.origin.url https://github.com/junit-team/junit4.git # timeout=10
Fetching upstream changes from https://github.com/junit-team/junit4.git
 > git --version # timeout=10
 > git --version # 'git version 2.39.2'
 > git fetch --tags --force --progress -- https://github.com/junit-team/junit4.git +refs/heads/*:refs/remotes/origin/* # timeout=10
Seen branch in repository origin/dependabot/maven/complete/junit-junit-4.13.1
Seen branch in repository origin/fixtures
Seen branch in repository origin/gh-pages
Seen branch in repository origin/immutable-description
Seen branch in repository origin/main
Seen branch in repository origin/marc/1739-fix-compile-error-on-jdk-18
Seen 6 remote branches
 > git show-ref --tags -d # timeout=10
Checking out Revision ed47b7f487bafa48cff47f051af81a004cd36049 (origin/main)
 > git config core.sparsecheckout # timeout=10
 > git checkout -f ed47b7f487bafa48cff47f051af81a004cd36049 # timeout=10
Commit message: "Disable test on JDK 16 and later"
First time build. Skipping changelog.
[maven] $ /home/jenkins/agent/tools/hudson.tasks.Maven_MavenInstallation/Maven-3/bin/mvn clean install
[INFO] Scanning for projects...
[WARNING] The project junit:junit:jar:4.13.3-SNAPSHOT uses prerequisites which is only intended for maven-plugin projects but not for non maven-plugin projects. For such purposes you should use the maven-enforcer-plugin. See https://maven.apache.org/enforcer/enforcer-rules/requireMavenVersion.html
[INFO] 
[INFO] ----------------------------< junit:junit >-----------------------------
[INFO] Building JUnit 4.13.3-SNAPSHOT
[INFO]   from pom.xml
[INFO] --------------------------------[ jar ]---------------------------------
Downloading from central: https://repo.maven.apache.org/maven2/org/apache/maven/plugins/maven-enforcer-plugin/3.0.0-M3/maven-enforcer-plugin-3.0.0-M3.pom
Progress (1): 1.4/7.3 kBProgress (1): 2.8/7.3 kBProgress (1): 4.1/7.3 kBProgress (1): 5.5/7.3 kBProgress (1): 6.9/7.3 kBProgress (1): 7.3 kB                        Downloaded from central: https://repo.maven.apache.org/maven2/org/apache/maven/plugins/maven-enforcer-plugin/3.0.0-M3/maven-enforcer-plugin-3.0.0-M3.pom (7.3 kB at 30 kB/s)
Downloading from central: https://repo.maven.apache.org/maven2/org/apache/maven/enforcer/enforcer/3.0.0-M3/enforcer-3.0.0-M3.pom
Progress (1): 1.4/7.8 kBProgress (1): 2.8/7.8 kBProgress (1): 4.1/7.8 kBProgress (1): 5.5/7.8 kBProgress (1): 6.9/7.8 kBProgress (1): 7.8 kB                        Downloaded from central: https://repo.maven.apache.org/maven2/org/apache/maven/enforcer/enforcer/3.0.0-M3/enforcer-3.0.0-M3.pom (7.8 kB at 557 kB/s)
Downloading from central: https://repo.maven.apache.org/maven2/org/apache/maven/maven-parent/33/maven-parent-33.pom
Progress (1): 1.4/44 kBProgress (1): 2.8/44 kBProgress (1): 4.1/44 kBProgress (1): 5.5/44 kBProgress (1): 6.9/44 kBProgress (1): 8.3/44 kBProgress (1): 9.7/44 kBProgress (1): 11/44 kB Progress (1): 12/44 kBProgress (1): 14/44 kBProgress (1): 15/44 kBProgress (1): 17/44 kBProgress (1): 18/44 kBProgress (1): 19/44 kBProgress (1): 21/44 kBProgress (1): 22/44 kBProgress (1): 23/44 kBProgress (1): 25/44 kBProgress (1): 26/44 kBProgress (1): 28/44 kBProgress (1): 29/44 kBProgress (1): 30/44 kBProgress (1): 32/44 kBProgress (1): 33/44 kBProgress (1): 34/44 kBProgress (1): 36/44 kBProgress (1): 37/44 kBProgress (1): 39/44 kBProgress (1): 40/44 kBProgress (1): 41/44 kBProgress (1): 43/44 kBProgress (1): 44/44 kBProgress (1): 44 kB                      Downloaded from central: https://repo.maven.apache.org/maven2/org/apache/maven/maven-parent/33/maven-parent-33.pom (44 kB at 1.8 MB/s)
Downloading from central: https://repo.maven.apache.org/maven2/org/apache/apache/21/apache-21.pom
Progress (1): 16/17 kBProgress (1): 17 kB                      Downloaded from central: https://repo.maven.apache.org/maven2/org/apache/apache/21/apache-21.pom (17 kB at 1.7 MB/s)
Downloading from central: https://repo.maven.apache.org/maven2/org/apache/maven/plugins/maven-enforcer-plugin/3.0.0-M3/maven-enforcer-plugin-3.0.0-M3.jar
Progress (1): 16/27 kBProgress (1): 27 kB                      Downloaded from central: https://repo.maven.apache.org/maven2/org/apache/maven/plugins/maven-enforcer-plugin/3.0.0-M3/maven-enforcer-plugin-3.0.0-M3.jar (27 kB at 2.5 MB/s)
Downloading from central: https://repo.maven.apache.org/maven2/org/apache/maven/plugins/maven-jar-plugin/3.2.0/maven-jar-plugin-3.2.0.pom
Progress (1): 7.3 kB                    Downloaded from central: https://repo.maven.apache.org/maven2/org/apache/maven/plugins/maven-jar-plugin/3.2.0/maven-jar-plugin-3.2.0.pom (7.3 kB at 363 kB/s)
Downloading from central: https://repo.maven.apache.org/maven2/org/apache/maven/plugins/maven-plugins/33/maven-plugins-33.pom
Progress (1): 11 kB                   Downloaded from central: https://repo.maven.apache.org/maven2/org/apache/maven/plugins/maven-plugins/33/maven-plugins-33.pom (11 kB at 972 kB/s)
Downloading from central: https://repo.maven.apache.org/maven2/org/apache/maven/plugins/maven-jar-plugin/3.2.0/maven-jar-plugin-3.2.0.jar
Progress (1): 16/29 kBProgress (1): 29 kB                      Downloaded from central: https://repo.maven.apache.org/maven2/org/apache/maven/plugins/maven-jar-plugin/3.2.0/maven-jar-plugin-3.2.0.jar (29 kB at 2.4 MB/s)
[INFO] 
[INFO] --- clean:2.6.1:clean (default-clean) @ junit ---
[INFO] Deleting /home/jenkins/agent/workspace/maven/target
[INFO] 
[INFO] --- enforcer:3.0.0-M3:enforce (enforce-versions) @ junit ---
Downloading from central: https://repo.maven.apache.org/maven2/org/apache/maven/maven-artifact/3.0/maven-artifact-3.0.pom
Progress (1): 1.9 kB                    Downloaded from central: https://repo.maven.apache.org/maven2/org/apache/maven/maven-artifact/3.0/maven-artifact-3.0.pom (1.9 kB at 214 kB/s)
Downloading from central: https://repo.maven.apache.org/maven2/org/apache/maven/maven/3.0/maven-3.0.pom
Progress (1): 16/22 kBProgress (1): 22 kB                      Downloaded from central: https://repo.maven.apache.org/maven2/org/apache/maven/maven/3.0/maven-3.0.pom (22 kB at 1.6 MB/s)
Downloading from central: https://repo.maven.apache.org/maven2/org/codehaus/plexus/plexus-utils/3.3.0/plexus-utils-3.3.0.pom
Progress (1): 5.2 kB                    Downloaded from central: https://repo.maven.apache.org/maven2/org/codehaus/plexus/plexus-utils/3.3.0/plexus-utils-3.3.0.pom (5.2 kB at 648 kB/s)
Downloading from central: https://repo.maven.apache.org/maven2/org/apache/maven/maven-plugin-api/3.0/maven-plugin-api-3.0.pom
Progress (1): 2.3 kB                    Downloaded from central: https://repo.maven.apache.org/maven2/org/apache/maven/maven-plugin-api/3.0/maven-plugin-api-3.0.pom (2.3 kB at 286 kB/s)
Downloading from central: https://repo.maven.apache.org/maven2/org/apache/maven/maven-model/3.0/maven-model-3.0.pom
Progress (1): 3.9 kB                    Downloaded from central: https://repo.maven.apache.org/maven2/org/apache/maven/maven-model/3.0/maven-model-3.0.pom (3.9 kB at 389 kB/s)
Downloading from central: https://repo.maven.apache.org/maven2/org/sonatype/sisu/sisu-inject-plexus/1.4.2/sisu-inject-plexus-1.4.2.pom
Progress (1): 5.4 kB                    Downloaded from central: https://repo.maven.apache.org/maven2/org/sonatype/sisu/sisu-inject-plexus/1.4.2/sisu-inject-plexus-1.4.2.pom (5.4 kB at 447 kB/s)
Downloading from central: https://repo.maven.apache.org/maven2/org/sonatype/sisu/inject/guice-plexus/1.4.2/guice-plexus-1.4.2.pom
Progress (1): 3.1 kB                    Downloaded from central: https://repo.maven.apache.org/maven2/org/sonatype/sisu/inject/guice-plexus/1.4.2/guice-plexus-1.4.2.pom (3.1 kB at 313 kB/s)
Downloading from central: https://repo.maven.apache.org/maven2/org/sonatype/sisu/inject/guice-bean/1.4.2/guice-bean-1.4.2.pom
Progress (1): 2.6 kB                    Downloaded from central: https://repo.maven.apache.org/maven2/org/sonatype/sisu/inject/guice-bean/1.4.2/guice-bean-1.4.2.pom (2.6 kB at 326 kB/s)
Downloading from central: https://repo.maven.apache.org/maven2/org/sonatype/sisu/sisu-inject/1.4.2/sisu-inject-1.4.2.pom
Progress (1): 1.2 kB                    Downloaded from central: https://repo.maven.apache.org/maven2/org/sonatype/sisu/sisu-inject/1.4.2/sisu-inject-1.4.2.pom (1.2 kB at 156 kB/s)
Downloading from central: https://repo.maven.apache.org/maven2/org/sonatype/sisu/sisu-parent/1.4.2/sisu-parent-1.4.2.pom
Progress (1): 7.8 kB                    Downloaded from central: https://repo.maven.apache.org/maven2/org/sonatype/sisu/sisu-parent/1.4.2/sisu-parent-1.4.2.pom (7.8 kB at 648 kB/s)
Downloading from central: https://repo.maven.apache.org/maven2/org/codehaus/plexus/plexus-component-annotations/1.7.1/plexus-component-annotations-1.7.1.pom
Progress (1): 770 B                   Downloaded from central: https://repo.maven.apache.org/maven2/org/codehaus/plexus/plexus-component-annotations/1.7.1/plexus-component-annotations-1.7.1.pom (770 B at 64 kB/s)
Downloading from central: https://repo.maven.apache.org/maven2/org/codehaus/plexus/plexus-containers/1.7.1/plexus-containers-1.7.1.pom
Progress (1): 5.0 kB                    Downloaded from central: https://repo.maven.apache.org/maven2/org/codehaus/plexus/plexus-containers/1.7.1/plexus-containers-1.7.1.pom (5.0 kB at 503 kB/s)
Downloading from central: https://repo.maven.apache.org/maven2/org/codehaus/plexus/plexus/4.0/plexus-4.0.pom
Progress (1): 16/22 kBProgress (1): 22 kB                      Downloaded from central: https://repo.maven.apache.org/maven2/org/codehaus/plexus/plexus/4.0/plexus-4.0.pom (22 kB at 2.4 MB/s)
Downloading from central: https://repo.maven.apache.org/maven2/org/codehaus/plexus/plexus-classworlds/2.2.3/plexus-classworlds-2.2.3.pom
Progress (1): 4.0 kB                    Downloaded from central: https://repo.maven.apache.org/maven2/org/codehaus/plexus/plexus-classworlds/2.2.3/plexus-classworlds-2.2.3.pom (4.0 kB at 363 kB/s)
Downloading from central: https://repo.maven.apache.org/maven2/org/sonatype/sisu/sisu-inject-bean/1.4.2/sisu-inject-bean-1.4.2.pom
Progress (1): 5.5 kB                    Downloaded from central: https://repo.maven.apache.org/maven2/org/sonatype/sisu/sisu-inject-bean/1.4.2/sisu-inject-bean-1.4.2.pom (5.5 kB at 682 kB/s)
Downloading from central: https://repo.maven.apache.org/maven2/org/sonatype/sisu/sisu-guice/2.1.7/sisu-guice-2.1.7.pom
Progress (1): 11 kB                   Downloaded from central: https://repo.maven.apache.org/maven2/org/sonatype/sisu/sisu-guice/2.1.7/sisu-guice-2.1.7.pom (11 kB at 1.2 MB/s)
Downloading from central: https://repo.maven.apache.org/maven2/org/apache/maven/maven-core/3.0/maven-core-3.0.pom
Progress (1): 6.6 kB                    Downloaded from central: https://repo.maven.apache.org/maven2/org/apache/maven/maven-core/3.0/maven-core-3.0.pom (6.6 kB at 829 kB/s)
Downloading from central: https://repo.maven.apache.org/maven2/org/apache/maven/maven-settings/3.0/maven-settings-3.0.pom
Progress (1): 1.9 kB                    Downloaded from central: https://repo.maven.apache.org/maven2/org/apache/maven/maven-settings/3.0/maven-settings-3.0.pom (1.9 kB at 235 kB/s)
Downloading from central: https://repo.maven.apache.org/maven2/org/apache/maven/maven-settings-builder/3.0/maven-settings-builder-3.0.pom
Progress (1): 2.2 kB                    Downloaded from central: https://repo.maven.apache.org/maven2/org/apache/maven/maven-settings-builder/3.0/maven-settings-builder-3.0.pom (2.2 kB at 278 kB/s)
Downloading from central: https://repo.maven.apache.org/maven2/org/codehaus/plexus/plexus-interpolation/1.14/plexus-interpolation-1.14.pom
Progress (1): 910 B                   Downloaded from central: https://repo.maven.apache.org/maven2/org/codehaus/plexus/plexus-interpolation/1.14/plexus-interpolation-1.14.pom (910 B at 114 kB/s)
Downloading from central: https://repo.maven.apache.org/maven2/org/codehaus/plexus/plexus-components/1.1.18/plexus-components-1.1.18.pom
Progress (1): 5.4 kB                    Downloaded from central: https://repo.maven.apache.org/maven2/org/codehaus/plexus/plexus-components/1.1.18/plexus-components-1.1.18.pom (5.4 kB at 595 kB/s)
Downloading from central: https://repo.maven.apache.org/maven2/org/apache/maven/maven-repository-metadata/3.0/maven-repository-metadata-3.0.pom
Progress (1): 1.9 kB                    Downloaded from central: https://repo.maven.apache.org/maven2/org/apache/maven/maven-repository-metadata/3.0/maven-repository-metadata-3.0.pom (1.9 kB at 276 kB/s)
Downloading from central: https://repo.maven.apache.org/maven2/org/apache/maven/maven-model-builder/3.0/maven-model-builder-3.0.pom
Progress (1): 2.2 kB                    Downloaded from central: https://repo.maven.apache.org/maven2/org/apache/maven/maven-model-builder/3.0/maven-model-builder-3.0.pom (2.2 kB at 173 kB/s)
Downloading from central: https://repo.maven.apache.org/maven2/org/apache/maven/maven-aether-provider/3.0/maven-aether-provider-3.0.pom
Progress (1): 2.5 kB                    Downloaded from central: https://repo.maven.apache.org/maven2/org/apache/maven/maven-aether-provider/3.0/maven-aether-provider-3.0.pom (2.5 kB at 353 kB/s)
Downloading from central: https://repo.maven.apache.org/maven2/org/sonatype/aether/aether-api/1.7/aether-api-1.7.pom
Progress (1): 1.7 kB                    Downloaded from central: https://repo.maven.apache.org/maven2/org/sonatype/aether/aether-api/1.7/aether-api-1.7.pom (1.7 kB at 152 kB/s)
Downloading from central: https://repo.maven.apache.org/maven2/org/sonatype/aether/aether-parent/1.7/aether-parent-1.7.pom
Progress (1): 7.7 kB                    Downloaded from central: https://repo.maven.apache.org/maven2/org/sonatype/aether/aether-parent/1.7/aether-parent-1.7.pom (7.7 kB at 966 kB/s)
Downloading from central: https://repo.maven.apache.org/maven2/org/sonatype/aether/aether-util/1.7/aether-util-1.7.pom
Progress (1): 2.1 kB                    Downloaded from central: https://repo.maven.apache.org/maven2/org/sonatype/aether/aether-util/1.7/aether-util-1.7.pom (2.1 kB at 159 kB/s)
Downloading from central: https://repo.maven.apache.org/maven2/org/sonatype/aether/aether-impl/1.7/aether-impl-1.7.pom
Progress (1): 3.7 kB                    Downloaded from central: https://repo.maven.apache.org/maven2/org/sonatype/aether/aether-impl/1.7/aether-impl-1.7.pom (3.7 kB at 369 kB/s)
Downloading from central: https://repo.maven.apache.org/maven2/org/sonatype/aether/aether-spi/1.7/aether-spi-1.7.pom
Progress (1): 1.7 kB                    Downloaded from central: https://repo.maven.apache.org/maven2/org/sonatype/aether/aether-spi/1.7/aether-spi-1.7.pom (1.7 kB at 158 kB/s)
Downloading from central: https://repo.maven.apache.org/maven2/org/apache/maven/enforcer/enforcer-api/3.0.0-M3/enforcer-api-3.0.0-M3.pom
Progress (1): 2.8 kB                    Downloaded from central: https://repo.maven.apache.org/maven2/org/apache/maven/enforcer/enforcer-api/3.0.0-M3/enforcer-api-3.0.0-M3.pom (2.8 kB at 283 kB/s)
Downloading from central: https://repo.maven.apache.org/maven2/org/apache/maven/enforcer/enforcer-rules/3.0.0-M3/enforcer-rules-3.0.0-M3.pom
Progress (1): 4.1 kB                    Downloaded from central: https://repo.maven.apache.org/maven2/org/apache/maven/enforcer/enforcer-rules/3.0.0-M3/enforcer-rules-3.0.0-M3.pom (4.1 kB at 516 kB/s)
Downloading from central: https://repo.maven.apache.org/maven2/org/apache/maven/shared/maven-common-artifact-filters/3.1.0/maven-common-artifact-filters-3.1.0.pom
Progress (1): 5.3 kB                    Downloaded from central: https://repo.maven.apache.org/maven2/org/apache/maven/shared/maven-common-artifact-filters/3.1.0/maven-common-artifact-filters-3.1.0.pom (5.3 kB at 587 kB/s)
Downloading from central: https://repo.maven.apache.org/maven2/org/apache/maven/shared/maven-shared-components/33/maven-shared-components-33.pom
Progress (1): 5.1 kB                    Downloaded from central: https://repo.maven.apache.org/maven2/org/apache/maven/shared/maven-shared-components/33/maven-shared-components-33.pom (5.1 kB at 637 kB/s)
Downloading from central: https://repo.maven.apache.org/maven2/org/apache/maven/shared/maven-shared-utils/3.1.0/maven-shared-utils-3.1.0.pom
Progress (1): 5.0 kB                    Downloaded from central: https://repo.maven.apache.org/maven2/org/apache/maven/shared/maven-shared-utils/3.1.0/maven-shared-utils-3.1.0.pom (5.0 kB at 453 kB/s)
Downloading from central: https://repo.maven.apache.org/maven2/org/apache/maven/shared/maven-shared-components/30/maven-shared-components-30.pom
Progress (1): 4.6 kB                    Downloaded from central: https://repo.maven.apache.org/maven2/org/apache/maven/shared/maven-shared-components/30/maven-shared-components-30.pom (4.6 kB at 353 kB/s)
Downloading from central: https://repo.maven.apache.org/maven2/org/apache/maven/maven-parent/30/maven-parent-30.pom
Progress (1): 16/41 kBProgress (1): 33/41 kBProgress (1): 41 kB                      Downloaded from central: https://repo.maven.apache.org/maven2/org/apache/maven/maven-parent/30/maven-parent-30.pom (41 kB at 3.0 MB/s)
Downloading from central: https://repo.maven.apache.org/maven2/commons-io/commons-io/2.5/commons-io-2.5.pom
Progress (1): 13 kB                   Downloaded from central: https://repo.maven.apache.org/maven2/commons-io/commons-io/2.5/commons-io-2.5.pom (13 kB at 1.7 MB/s)
Downloading from central: https://repo.maven.apache.org/maven2/org/apache/commons/commons-parent/39/commons-parent-39.pom
Progress (1): 16/62 kBProgress (1): 33/62 kBProgress (1): 49/62 kBProgress (1): 62 kB                      Downloaded from central: https://repo.maven.apache.org/maven2/org/apache/commons/commons-parent/39/commons-parent-39.pom (62 kB at 3.6 MB/s)
Downloading from central: https://repo.maven.apache.org/maven2/org/apache/commons/commons-lang3/3.8.1/commons-lang3-3.8.1.pom
Progress (1): 16/28 kBProgress (1): 28 kB                      Downloaded from central: https://repo.maven.apache.org/maven2/org/apache/commons/commons-lang3/3.8.1/commons-lang3-3.8.1.pom (28 kB at 2.3 MB/s)
Downloading from central: https://repo.maven.apache.org/maven2/org/apache/commons/commons-parent/47/commons-parent-47.pom
Progress (1): 16/78 kBProgress (1): 32/78 kBProgress (1): 49/78 kBProgress (1): 65/78 kBProgress (1): 78 kB                      Downloaded from central: https://repo.maven.apache.org/maven2/org/apache/commons/commons-parent/47/commons-parent-47.pom (78 kB at 6.0 MB/s)
Downloading from central: https://repo.maven.apache.org/maven2/org/apache/apache/19/apache-19.pom
Progress (1): 15 kB                   Downloaded from central: https://repo.maven.apache.org/maven2/org/apache/apache/19/apache-19.pom (15 kB at 1.1 MB/s)
Downloading from central: https://repo.maven.apache.org/maven2/commons-codec/commons-codec/1.12/commons-codec-1.12.pom
Progress (1): 14 kB                   Downloaded from central: https://repo.maven.apache.org/maven2/commons-codec/commons-codec/1.12/commons-codec-1.12.pom (14 kB at 750 kB/s)
Downloading from central: https://repo.maven.apache.org/maven2/org/apache/maven/resolver/maven-resolver-util/1.4.1/maven-resolver-util-1.4.1.pom
Progress (1): 2.8 kB                    Downloaded from central: https://repo.maven.apache.org/maven2/org/apache/maven/resolver/maven-resolver-util/1.4.1/maven-resolver-util-1.4.1.pom (2.8 kB at 280 kB/s)
Downloading from central: https://repo.maven.apache.org/maven2/org/apache/maven/resolver/maven-resolver/1.4.1/maven-resolver-1.4.1.pom
Progress (1): 16/18 kBProgress (1): 18 kB                      Downloaded from central: https://repo.maven.apache.org/maven2/org/apache/maven/resolver/maven-resolver/1.4.1/maven-resolver-1.4.1.pom (18 kB at 1.8 MB/s)
Downloading from central: https://repo.maven.apache.org/maven2/org/apache/maven/resolver/maven-resolver-api/1.4.1/maven-resolver-api-1.4.1.pom
Progress (1): 2.6 kB                    Downloaded from central: https://repo.maven.apache.org/maven2/org/apache/maven/resolver/maven-resolver-api/1.4.1/maven-resolver-api-1.4.1.pom (2.6 kB at 292 kB/s)
Downloading from central: https://repo.maven.apache.org/maven2/org/apache/maven/maven-compat/3.0/maven-compat-3.0.pom
Progress (1): 4.0 kB                    Downloaded from central: https://repo.maven.apache.org/maven2/org/apache/maven/maven-compat/3.0/maven-compat-3.0.pom (4.0 kB at 366 kB/s)
Downloading from central: https://repo.maven.apache.org/maven2/org/apache/maven/wagon/wagon-provider-api/1.0-beta-6/wagon-provider-api-1.0-beta-6.pom
Progress (1): 1.8 kB                    Downloaded from central: https://repo.maven.apache.org/maven2/org/apache/maven/wagon/wagon-provider-api/1.0-beta-6/wagon-provider-api-1.0-beta-6.pom (1.8 kB at 220 kB/s)
Downloading from central: https://repo.maven.apache.org/maven2/org/apache/maven/wagon/wagon/1.0-beta-6/wagon-1.0-beta-6.pom
Progress (1): 12 kB                   Downloaded from central: https://repo.maven.apache.org/maven2/org/apache/maven/wagon/wagon/1.0-beta-6/wagon-1.0-beta-6.pom (12 kB at 1.4 MB/s)
Downloading from central: https://repo.maven.apache.org/maven2/org/apache/maven/maven-artifact/3.0/maven-artifact-3.0.jar
Progress (1): 16/52 kBProgress (1): 33/52 kBProgress (1): 49/52 kBProgress (1): 52 kB                      Downloaded from central: https://repo.maven.apache.org/maven2/org/apache/maven/maven-artifact/3.0/maven-artifact-3.0.jar (52 kB at 5.8 MB/s)
Downloading from central: https://repo.maven.apache.org/maven2/org/apache/maven/maven-plugin-api/3.0/maven-plugin-api-3.0.jar
Downloading from central: https://repo.maven.apache.org/maven2/org/apache/maven/maven-model/3.0/maven-model-3.0.jar
Downloading from central: https://repo.maven.apache.org/maven2/org/sonatype/sisu/sisu-inject-plexus/1.4.2/sisu-inject-plexus-1.4.2.jar
Downloading from central: https://repo.maven.apache.org/maven2/org/sonatype/sisu/sisu-inject-bean/1.4.2/sisu-inject-bean-1.4.2.jar
Downloading from central: https://repo.maven.apache.org/maven2/org/sonatype/sisu/sisu-guice/2.1.7/sisu-guice-2.1.7-noaop.jar
Progress (1): 16/49 kBProgress (1): 33/49 kBProgress (1): 49 kB                      Downloaded from central: https://repo.maven.apache.org/maven2/org/apache/maven/maven-plugin-api/3.0/maven-plugin-api-3.0.jar (49 kB at 2.6 MB/s)
Downloading from central: https://repo.maven.apache.org/maven2/org/apache/maven/maven-core/3.0/maven-core-3.0.jar
Progress (1): 16/527 kBProgress (1): 32/527 kBProgress (1): 49/527 kBProgress (1): 65/527 kBProgress (1): 81/527 kBProgress (1): 98/527 kBProgress (1): 114/527 kBProgress (1): 130/527 kBProgress (1): 147/527 kBProgress (1): 163/527 kBProgress (1): 180/527 kBProgress (1): 196/527 kBProgress (1): 212/527 kBProgress (1): 229/527 kBProgress (1): 245/527 kBProgress (1): 262/527 kBProgress (1): 278/527 kBProgress (1): 294/527 kBProgress (1): 311/527 kBProgress (1): 327/527 kBProgress (1): 343/527 kBProgress (1): 360/527 kBProgress (1): 376/527 kBProgress (2): 376/527 kB | 16/472 kBProgress (3): 376/527 kB | 16/472 kB | 1.4/202 kBProgress (3): 376/527 kB | 16/472 kB | 2.8/202 kBProgress (3): 376/527 kB | 16/472 kB | 4.1/202 kBProgress (3): 376/527 kB | 16/472 kB | 5.5/202 kBProgress (3): 376/527 kB | 16/472 kB | 6.9/202 kBProgress (3): 376/527 kB | 16/472 kB | 8.3/202 kBProgress (3): 376/527 kB | 16/472 kB | 9.7/202 kBProgress (3): 376/527 kB | 33/472 kB | 9.7/202 kBProgress (3): 376/527 kB | 33/472 kB | 11/202 kB Progress (3): 376/527 kB | 33/472 kB | 12/202 kBProgress (3): 376/527 kB | 33/472 kB | 14/202 kBProgress (3): 376/527 kB | 33/472 kB | 15/202 kBProgress (3): 376/527 kB | 49/472 kB | 15/202 kBProgress (3): 376/527 kB | 49/472 kB | 17/202 kBProgress (3): 376/527 kB | 66/472 kB | 17/202 kBProgress (3): 376/527 kB | 66/472 kB | 18/202 kBProgress (3): 376/527 kB | 66/472 kB | 19/202 kBProgress (4): 376/527 kB | 66/472 kB | 19/202 kB | 1.4/165 kBProgress (4): 376/527 kB | 66/472 kB | 21/202 kB | 1.4/165 kBProgress (4): 376/527 kB | 82/472 kB | 21/202 kB | 1.4/165 kBProgress (4): 376/527 kB | 82/472 kB | 22/202 kB | 1.4/165 kBProgress (4): 376/527 kB | 82/472 kB | 22/202 kB | 2.8/165 kBProgress (4): 376/527 kB | 82/472 kB | 23/202 kB | 2.8/165 kBProgress (4): 376/527 kB | 82/472 kB | 25/202 kB | 2.8/165 kBProgress (4): 376/527 kB | 82/472 kB | 26/202 kB | 2.8/165 kBProgress (4): 376/527 kB | 82/472 kB | 26/202 kB | 4.1/165 kBProgress (4): 376/527 kB | 82/472 kB | 26/202 kB | 5.5/165 kBProgress (4): 376/527 kB | 82/472 kB | 26/202 kB | 6.9/165 kBProgress (4): 376/527 kB | 82/472 kB | 26/202 kB | 8.3/165 kBProgress (4): 376/527 kB | 82/472 kB | 26/202 kB | 9.7/165 kBProgress (4): 393/527 kB | 82/472 kB | 26/202 kB | 9.7/165 kBProgress (4): 393/527 kB | 82/472 kB | 26/202 kB | 11/165 kB Progress (4): 393/527 kB | 82/472 kB | 28/202 kB | 11/165 kBProgress (4): 393/527 kB | 82/472 kB | 29/202 kB | 11/165 kBProgress (4): 393/527 kB | 82/472 kB | 30/202 kB | 11/165 kBProgress (4): 393/527 kB | 82/472 kB | 32/202 kB | 11/165 kBProgress (4): 393/527 kB | 82/472 kB | 33/202 kB | 11/165 kBProgress (4): 393/527 kB | 82/472 kB | 34/202 kB | 11/165 kBProgress (4): 393/527 kB | 82/472 kB | 36/202 kB | 11/165 kBProgress (4): 393/527 kB | 82/472 kB | 37/202 kB | 11/165 kBProgress (4): 393/527 kB | 82/472 kB | 39/202 kB | 11/165 kBProgress (4): 393/527 kB | 82/472 kB | 40/202 kB | 11/165 kBProgress (4): 393/527 kB | 82/472 kB | 41/202 kB | 11/165 kBProgress (4): 393/527 kB | 82/472 kB | 43/202 kB | 11/165 kBProgress (4): 393/527 kB | 82/472 kB | 44/202 kB | 11/165 kBProgress (4): 393/527 kB | 82/472 kB | 46/202 kB | 11/165 kBProgress (4): 393/527 kB | 82/472 kB | 47/202 kB | 11/165 kBProgress (4): 393/527 kB | 82/472 kB | 47/202 kB | 12/165 kBProgress (4): 393/527 kB | 82/472 kB | 48/202 kB | 12/165 kBProgress (4): 393/527 kB | 82/472 kB | 50/202 kB | 12/165 kBProgress (4): 393/527 kB | 82/472 kB | 51/202 kB | 12/165 kBProgress (4): 393/527 kB | 82/472 kB | 52/202 kB | 12/165 kBProgress (4): 393/527 kB | 82/472 kB | 54/202 kB | 12/165 kBProgress (4): 393/527 kB | 82/472 kB | 55/202 kB | 12/165 kBProgress (4): 393/527 kB | 82/472 kB | 57/202 kB | 12/165 kBProgress (4): 393/527 kB | 82/472 kB | 57/202 kB | 14/165 kBProgress (4): 393/527 kB | 82/472 kB | 58/202 kB | 14/165 kBProgress (4): 393/527 kB | 82/472 kB | 58/202 kB | 15/165 kBProgress (4): 393/527 kB | 82/472 kB | 59/202 kB | 15/165 kBProgress (4): 393/527 kB | 82/472 kB | 61/202 kB | 15/165 kBProgress (4): 393/527 kB | 82/472 kB | 62/202 kB | 15/165 kBProgress (4): 393/527 kB | 82/472 kB | 63/202 kB | 15/165 kBProgress (4): 393/527 kB | 82/472 kB | 63/202 kB | 16/165 kBProgress (4): 393/527 kB | 82/472 kB | 79/202 kB | 16/165 kBProgress (4): 393/527 kB | 82/472 kB | 96/202 kB | 16/165 kBProgress (4): 393/527 kB | 82/472 kB | 96/202 kB | 32/165 kBProgress (4): 393/527 kB | 82/472 kB | 112/202 kB | 32/165 kBProgress (4): 393/527 kB | 82/472 kB | 128/202 kB | 32/165 kBProgress (4): 393/527 kB | 82/472 kB | 128/202 kB | 49/165 kBProgress (4): 393/527 kB | 82/472 kB | 145/202 kB | 49/165 kBProgress (4): 393/527 kB | 82/472 kB | 161/202 kB | 49/165 kBProgress (5): 393/527 kB | 82/472 kB | 161/202 kB | 49/165 kB | 1.4/153 kBProgress (5): 393/527 kB | 82/472 kB | 161/202 kB | 49/165 kB | 2.8/153 kBProgress (5): 393/527 kB | 82/472 kB | 161/202 kB | 49/165 kB | 4.1/153 kBProgress (5): 393/527 kB | 82/472 kB | 161/202 kB | 49/165 kB | 5.5/153 kBProgress (5): 393/527 kB | 82/472 kB | 161/202 kB | 49/165 kB | 6.9/153 kBProgress (5): 393/527 kB | 82/472 kB | 161/202 kB | 49/165 kB | 8.3/153 kBProgress (5): 393/527 kB | 82/472 kB | 161/202 kB | 49/165 kB | 9.7/153 kBProgress (5): 393/527 kB | 82/472 kB | 161/202 kB | 49/165 kB | 11/153 kB Progress (5): 393/527 kB | 82/472 kB | 161/202 kB | 49/165 kB | 12/153 kBProgress (5): 393/527 kB | 82/472 kB | 161/202 kB | 49/165 kB | 14/153 kBProgress (5): 393/527 kB | 82/472 kB | 161/202 kB | 49/165 kB | 15/153 kBProgress (5): 393/527 kB | 82/472 kB | 161/202 kB | 49/165 kB | 17/153 kBProgress (5): 393/527 kB | 82/472 kB | 161/202 kB | 49/165 kB | 18/153 kBProgress (5): 393/527 kB | 82/472 kB | 161/202 kB | 49/165 kB | 19/153 kBProgress (5): 393/527 kB | 82/472 kB | 161/202 kB | 49/165 kB | 21/153 kBProgress (5): 393/527 kB | 82/472 kB | 161/202 kB | 49/165 kB | 22/153 kBProgress (5): 393/527 kB | 82/472 kB | 161/202 kB | 49/165 kB | 23/153 kBProgress (5): 393/527 kB | 82/472 kB | 161/202 kB | 49/165 kB | 25/153 kBProgress (5): 393/527 kB | 82/472 kB | 161/202 kB | 49/165 kB | 26/153 kBProgress (5): 393/527 kB | 82/472 kB | 161/202 kB | 49/165 kB | 28/153 kBProgress (5): 393/527 kB | 82/472 kB | 178/202 kB | 49/165 kB | 28/153 kBProgress (5): 393/527 kB | 82/472 kB | 194/202 kB | 49/165 kB | 28/153 kBProgress (5): 393/527 kB | 82/472 kB | 202 kB | 49/165 kB | 28/153 kB    Progress (5): 393/527 kB | 82/472 kB | 202 kB | 49/165 kB | 29/153 kBProgress (5): 393/527 kB | 82/472 kB | 202 kB | 49/165 kB | 30/153 kBProgress (5): 393/527 kB | 82/472 kB | 202 kB | 49/165 kB | 32/153 kBProgress (5): 393/527 kB | 82/472 kB | 202 kB | 49/165 kB | 33/153 kBProgress (5): 393/527 kB | 82/472 kB | 202 kB | 49/165 kB | 34/153 kBProgress (5): 393/527 kB | 82/472 kB | 202 kB | 49/165 kB | 36/153 kBProgress (5): 393/527 kB | 82/472 kB | 202 kB | 49/165 kB | 37/153 kBProgress (5): 393/527 kB | 82/472 kB | 202 kB | 49/165 kB | 39/153 kBProgress (5): 393/527 kB | 82/472 kB | 202 kB | 49/165 kB | 40/153 kB                                                                     Downloaded from central: https://repo.maven.apache.org/maven2/org/sonatype/sisu/sisu-inject-plexus/1.4.2/sisu-inject-plexus-1.4.2.jar (202 kB at 1.6 MB/s)
Progress (4): 393/527 kB | 82/472 kB | 49/165 kB | 41/153 kBProgress (4): 393/527 kB | 82/472 kB | 49/165 kB | 43/153 kBProgress (4): 393/527 kB | 82/472 kB | 49/165 kB | 44/153 kBProgress (4): 393/527 kB | 82/472 kB | 49/165 kB | 46/153 kBProgress (4): 393/527 kB | 82/472 kB | 49/165 kB | 47/153 kBProgress (4): 393/527 kB | 82/472 kB | 49/165 kB | 48/153 kBProgress (4): 409/527 kB | 82/472 kB | 49/165 kB | 48/153 kBProgress (4): 425/527 kB | 82/472 kB | 49/165 kB | 48/153 kBProgress (4): 425/527 kB | 82/472 kB | 65/165 kB | 48/153 kBProgress (4): 442/527 kB | 82/472 kB | 65/165 kB | 48/153 kBProgress (4): 442/527 kB | 82/472 kB | 81/165 kB | 48/153 kBProgress (4): 458/527 kB | 82/472 kB | 81/165 kB | 48/153 kBProgress (4): 458/527 kB | 82/472 kB | 98/165 kB | 48/153 kBProgress (4): 475/527 kB | 82/472 kB | 98/165 kB | 48/153 kBProgress (4): 475/527 kB | 82/472 kB | 114/165 kB | 48/153 kBProgress (4): 491/527 kB | 82/472 kB | 114/165 kB | 48/153 kBProgress (4): 491/527 kB | 82/472 kB | 131/165 kB | 48/153 kBProgress (4): 507/527 kB | 82/472 kB | 131/165 kB | 48/153 kBProgress (4): 507/527 kB | 82/472 kB | 147/165 kB | 48/153 kBProgress (4): 524/527 kB | 82/472 kB | 147/165 kB | 48/153 kBProgress (4): 527 kB | 82/472 kB | 147/165 kB | 48/153 kB    Progress (4): 527 kB | 82/472 kB | 163/165 kB | 48/153 kBProgress (4): 527 kB | 82/472 kB | 165 kB | 48/153 kB                                                         Downloaded from central: https://repo.maven.apache.org/maven2/org/apache/maven/maven-core/3.0/maven-core-3.0.jar (527 kB at 4.1 MB/s)
Downloading from central: https://repo.maven.apache.org/maven2/org/apache/maven/maven-settings/3.0/maven-settings-3.0.jar
Downloaded from central: https://repo.maven.apache.org/maven2/org/apache/maven/maven-model/3.0/maven-model-3.0.jar (165 kB at 1.3 MB/s)
Downloading from central: https://repo.maven.apache.org/maven2/org/apache/maven/maven-settings-builder/3.0/maven-settings-builder-3.0.jar
Downloading from central: https://repo.maven.apache.org/maven2/org/apache/maven/maven-repository-metadata/3.0/maven-repository-metadata-3.0.jar
Progress (3): 82/472 kB | 48/153 kB | 16/47 kBProgress (3): 82/472 kB | 48/153 kB | 33/47 kBProgress (3): 82/472 kB | 50/153 kB | 33/47 kBProgress (3): 82/472 kB | 50/153 kB | 47 kB   Progress (3): 82/472 kB | 51/153 kB | 47 kBProgress (3): 82/472 kB | 52/153 kB | 47 kBProgress (3): 82/472 kB | 54/153 kB | 47 kBProgress (3): 82/472 kB | 55/153 kB | 47 kBProgress (3): 82/472 kB | 57/153 kB | 47 kBProgress (3): 82/472 kB | 58/153 kB | 47 kBProgress (3): 82/472 kB | 59/153 kB | 47 kBProgress (3): 82/472 kB | 61/153 kB | 47 kBProgress (3): 82/472 kB | 62/153 kB | 47 kB                                           Downloaded from central: https://repo.maven.apache.org/maven2/org/apache/maven/maven-settings/3.0/maven-settings-3.0.jar (47 kB at 367 kB/s)
Downloading from central: https://repo.maven.apache.org/maven2/org/apache/maven/maven-model-builder/3.0/maven-model-builder-3.0.jar
Progress (2): 82/472 kB | 78/153 kBProgress (2): 82/472 kB | 95/153 kBProgress (2): 98/472 kB | 95/153 kBProgress (3): 98/472 kB | 95/153 kB | 16/30 kBProgress (3): 115/472 kB | 95/153 kB | 16/30 kBProgress (3): 115/472 kB | 95/153 kB | 30 kB   Progress (3): 131/472 kB | 95/153 kB | 30 kBProgress (3): 147/472 kB | 95/153 kB | 30 kB                                            Downloaded from central: https://repo.maven.apache.org/maven2/org/apache/maven/maven-repository-metadata/3.0/maven-repository-metadata-3.0.jar (30 kB at 237 kB/s)
Progress (2): 164/472 kB | 95/153 kBProgress (2): 164/472 kB | 111/153 kBProgress (2): 180/472 kB | 111/153 kBProgress (2): 180/472 kB | 127/153 kBProgress (2): 197/472 kB | 127/153 kBProgress (2): 197/472 kB | 144/153 kBProgress (2): 213/472 kB | 144/153 kBProgress (2): 213/472 kB | 153 kB    Progress (2): 229/472 kB | 153 kBProgress (2): 246/472 kB | 153 kBProgress (2): 256/472 kB | 153 kB                                 Downloaded from central: https://repo.maven.apache.org/maven2/org/sonatype/sisu/sisu-inject-bean/1.4.2/sisu-inject-bean-1.4.2.jar (153 kB at 1.2 MB/s)
Downloading from central: https://repo.maven.apache.org/maven2/org/apache/maven/maven-aether-provider/3.0/maven-aether-provider-3.0.jar
Progress (1): 272/472 kBProgress (1): 289/472 kBProgress (1): 305/472 kBProgress (2): 305/472 kB | 16/148 kBProgress (2): 321/472 kB | 16/148 kB                                    Downloading from central: https://repo.maven.apache.org/maven2/org/sonatype/aether/aether-impl/1.7/aether-impl-1.7.jar
Progress (2): 338/472 kB | 16/148 kBProgress (2): 354/472 kB | 16/148 kBProgress (2): 370/472 kB | 16/148 kBProgress (3): 370/472 kB | 16/148 kB | 16/38 kBProgress (3): 370/472 kB | 16/148 kB | 33/38 kBProgress (3): 387/472 kB | 16/148 kB | 33/38 kBProgress (3): 387/472 kB | 16/148 kB | 38 kB   Progress (3): 403/472 kB | 16/148 kB | 38 kBProgress (3): 420/472 kB | 16/148 kB | 38 kB                                            Downloaded from central: https://repo.maven.apache.org/maven2/org/apache/maven/maven-settings-builder/3.0/maven-settings-builder-3.0.jar (38 kB at 295 kB/s)
Progress (2): 436/472 kB | 16/148 kB                                    Downloading from central: https://repo.maven.apache.org/maven2/org/sonatype/aether/aether-spi/1.7/aether-spi-1.7.jar
Progress (2): 452/472 kB | 16/148 kBProgress (2): 469/472 kB | 16/148 kBProgress (2): 472 kB | 16/148 kB    Progress (2): 472 kB | 33/148 kBProgress (3): 472 kB | 33/148 kB | 16/51 kBProgress (3): 472 kB | 33/148 kB | 33/51 kBProgress (3): 472 kB | 49/148 kB | 33/51 kBProgress (3): 472 kB | 49/148 kB | 49/51 kBProgress (3): 472 kB | 66/148 kB | 49/51 kBProgress (3): 472 kB | 66/148 kB | 51 kB   Progress (3): 472 kB | 82/148 kB | 51 kBProgress (3): 472 kB | 98/148 kB | 51 kB                                        Downloaded from central: https://repo.maven.apache.org/maven2/org/apache/maven/maven-aether-provider/3.0/maven-aether-provider-3.0.jar (51 kB at 400 kB/s)
Progress (3): 472 kB | 98/148 kB | 16/106 kBProgress (3): 472 kB | 115/148 kB | 16/106 kBProgress (3): 472 kB | 115/148 kB | 33/106 kBProgress (3): 472 kB | 131/148 kB | 33/106 kBProgress (3): 472 kB | 131/148 kB | 49/106 kBProgress (4): 472 kB | 131/148 kB | 49/106 kB | 14 kBProgress (4): 472 kB | 147/148 kB | 49/106 kB | 14 kBProgress (4): 472 kB | 148 kB | 49/106 kB | 14 kB    Progress (4): 472 kB | 148 kB | 66/106 kB | 14 kBProgress (4): 472 kB | 148 kB | 82/106 kB | 14 kB                                                 Downloaded from central: https://repo.maven.apache.org/maven2/org/sonatype/aether/aether-spi/1.7/aether-spi-1.7.jar (14 kB at 105 kB/s)
Downloading from central: https://repo.maven.apache.org/maven2/org/sonatype/aether/aether-api/1.7/aether-api-1.7.jar
Downloaded from central: https://repo.maven.apache.org/maven2/org/apache/maven/maven-model-builder/3.0/maven-model-builder-3.0.jar (148 kB at 1.1 MB/s)
Progress (2): 472 kB | 98/106 kBProgress (2): 472 kB | 106 kB                                Downloading from central: https://repo.maven.apache.org/maven2/org/sonatype/aether/aether-util/1.7/aether-util-1.7.jar
Downloaded from central: https://repo.maven.apache.org/maven2/org/sonatype/aether/aether-impl/1.7/aether-impl-1.7.jar (106 kB at 824 kB/s)
Downloading from central: https://repo.maven.apache.org/maven2/org/codehaus/plexus/plexus-interpolation/1.14/plexus-interpolation-1.14.jar
Downloaded from central: https://repo.maven.apache.org/maven2/org/sonatype/sisu/sisu-guice/2.1.7/sisu-guice-2.1.7-noaop.jar (472 kB at 3.7 MB/s)
Downloading from central: https://repo.maven.apache.org/maven2/org/codehaus/plexus/plexus-classworlds/2.2.3/plexus-classworlds-2.2.3.jar
Downloading from central: https://repo.maven.apache.org/maven2/org/codehaus/plexus/plexus-component-annotations/1.7.1/plexus-component-annotations-1.7.1.jar
Progress (1): 16/108 kBProgress (1): 33/108 kBProgress (1): 49/108 kBProgress (1): 66/108 kBProgress (1): 82/108 kBProgress (1): 98/108 kBProgress (1): 108 kB                       Downloaded from central: https://repo.maven.apache.org/maven2/org/sonatype/aether/aether-util/1.7/aether-util-1.7.jar (108 kB at 843 kB/s)
Downloading from central: https://repo.maven.apache.org/maven2/org/codehaus/plexus/plexus-utils/3.3.0/plexus-utils-3.3.0.jar
Progress (1): 16/61 kBProgress (1): 33/61 kBProgress (1): 49/61 kBProgress (1): 61 kB                      Downloaded from central: https://repo.maven.apache.org/maven2/org/codehaus/plexus/plexus-interpolation/1.14/plexus-interpolation-1.14.jar (61 kB at 485 kB/s)
Downloading from central: https://repo.maven.apache.org/maven2/org/apache/maven/enforcer/enforcer-api/3.0.0-M3/enforcer-api-3.0.0-M3.jar
Progress (1): 16/74 kBProgress (1): 32/74 kBProgress (1): 49/74 kBProgress (1): 65/74 kBProgress (1): 74 kB                      Downloaded from central: https://repo.maven.apache.org/maven2/org/sonatype/aether/aether-api/1.7/aether-api-1.7.jar (74 kB at 571 kB/s)
Downloading from central: https://repo.maven.apache.org/maven2/org/codehaus/plexus/plexus-container-default/1.0-alpha-9/plexus-container-default-1.0-alpha-9.jar
Progress (1): 4.3 kB                    Downloaded from central: https://repo.maven.apache.org/maven2/org/codehaus/plexus/plexus-component-annotations/1.7.1/plexus-component-annotations-1.7.1.jar (4.3 kB at 32 kB/s)
Downloading from central: https://repo.maven.apache.org/maven2/classworlds/classworlds/1.1-alpha-2/classworlds-1.1-alpha-2.jar
Progress (1): 16/263 kBProgress (1): 33/263 kBProgress (1): 49/263 kBProgress (1): 66/263 kBProgress (1): 82/263 kBProgress (1): 98/263 kBProgress (1): 115/263 kBProgress (1): 125/263 kBProgress (1): 141/263 kBProgress (1): 158/263 kBProgress (2): 158/263 kB | 16/195 kBProgress (2): 158/263 kB | 33/195 kBProgress (3): 158/263 kB | 33/195 kB | 16/38 kBProgress (4): 158/263 kB | 33/195 kB | 16/38 kB | 16/46 kBProgress (4): 158/263 kB | 33/195 kB | 33/38 kB | 16/46 kBProgress (4): 158/263 kB | 33/195 kB | 38 kB | 16/46 kB   Progress (4): 158/263 kB | 33/195 kB | 38 kB | 33/46 kBProgress (4): 158/263 kB | 33/195 kB | 38 kB | 46 kB                                                       Downloaded from central: https://repo.maven.apache.org/maven2/classworlds/classworlds/1.1-alpha-2/classworlds-1.1-alpha-2.jar (38 kB at 250 kB/s)
Downloading from central: https://repo.maven.apache.org/maven2/org/apache/maven/enforcer/enforcer-rules/3.0.0-M3/enforcer-rules-3.0.0-M3.jar
Downloaded from central: https://repo.maven.apache.org/maven2/org/codehaus/plexus/plexus-classworlds/2.2.3/plexus-classworlds-2.2.3.jar (46 kB at 305 kB/s)
Downloading from central: https://repo.maven.apache.org/maven2/org/apache/maven/shared/maven-common-artifact-filters/3.1.0/maven-common-artifact-filters-3.1.0.jar
Progress (2): 174/263 kB | 33/195 kBProgress (2): 187/263 kB | 33/195 kBProgress (3): 187/263 kB | 33/195 kB | 12 kBProgress (3): 193/263 kB | 33/195 kB | 12 kBProgress (3): 210/263 kB | 33/195 kB | 12 kBProgress (3): 214/263 kB | 33/195 kB | 12 kB                                            Downloaded from central: https://repo.maven.apache.org/maven2/org/apache/maven/enforcer/enforcer-api/3.0.0-M3/enforcer-api-3.0.0-M3.jar (12 kB at 78 kB/s)
Downloading from central: https://repo.maven.apache.org/maven2/org/apache/maven/shared/maven-shared-utils/3.1.0/maven-shared-utils-3.1.0.jar
Progress (2): 230/263 kB | 33/195 kBProgress (2): 247/263 kB | 33/195 kBProgress (2): 263/263 kB | 33/195 kBProgress (2): 263 kB | 33/195 kB                                    Downloaded from central: https://repo.maven.apache.org/maven2/org/codehaus/plexus/plexus-utils/3.3.0/plexus-utils-3.3.0.jar (263 kB at 1.8 MB/s)
Progress (1): 49/195 kBProgress (1): 64/195 kBProgress (1): 80/195 kBProgress (1): 97/195 kBProgress (1): 113/195 kBProgress (1): 126/195 kBProgress (1): 129/195 kBProgress (1): 146/195 kB                        Downloading from central: https://repo.maven.apache.org/maven2/commons-io/commons-io/2.5/commons-io-2.5.jar
Progress (1): 162/195 kBProgress (1): 178/195 kBProgress (1): 195/195 kBProgress (1): 195 kB                        Downloaded from central: https://repo.maven.apache.org/maven2/org/codehaus/plexus/plexus-container-default/1.0-alpha-9/plexus-container-default-1.0-alpha-9.jar (195 kB at 1.3 MB/s)
Downloading from central: https://repo.maven.apache.org/maven2/org/apache/commons/commons-lang3/3.8.1/commons-lang3-3.8.1.jar
Progress (1): 16/107 kBProgress (1): 33/107 kBProgress (1): 49/107 kBProgress (2): 49/107 kB | 16/209 kBProgress (2): 64/107 kB | 16/209 kBProgress (2): 64/107 kB | 33/209 kBProgress (2): 81/107 kB | 33/209 kBProgress (2): 81/107 kB | 49/209 kBProgress (2): 97/107 kB | 49/209 kBProgress (2): 107 kB | 49/209 kB   Progress (2): 107 kB | 64/209 kBProgress (2): 107 kB | 81/209 kBProgress (2): 107 kB | 97/209 kB                                Downloaded from central: https://repo.maven.apache.org/maven2/org/apache/maven/enforcer/enforcer-rules/3.0.0-M3/enforcer-rules-3.0.0-M3.jar (107 kB at 657 kB/s)
Progress (1): 113/209 kB                        Downloading from central: https://repo.maven.apache.org/maven2/commons-codec/commons-codec/1.12/commons-codec-1.12.jar
Progress (1): 130/209 kBProgress (1): 146/209 kBProgress (1): 163/209 kBProgress (2): 163/209 kB | 16/61 kBProgress (2): 163/209 kB | 33/61 kBProgress (2): 179/209 kB | 33/61 kBProgress (2): 195/209 kB | 33/61 kBProgress (2): 209 kB | 33/61 kB    Progress (3): 209 kB | 33/61 kB | 16/164 kBProgress (3): 209 kB | 49/61 kB | 16/164 kBProgress (3): 209 kB | 49/61 kB | 32/164 kBProgress (3): 209 kB | 61 kB | 32/164 kB   Progress (3): 209 kB | 61 kB | 49/164 kBProgress (3): 209 kB | 61 kB | 65/164 kB                                        Downloaded from central: https://repo.maven.apache.org/maven2/org/apache/maven/shared/maven-common-artifact-filters/3.1.0/maven-common-artifact-filters-3.1.0.jar (61 kB at 367 kB/s)
Progress (2): 209 kB | 81/164 kBProgress (2): 209 kB | 98/164 kBProgress (2): 209 kB | 114/164 kB                                 Downloading from central: https://repo.maven.apache.org/maven2/org/apache/maven/resolver/maven-resolver-util/1.4.1/maven-resolver-util-1.4.1.jar
Progress (2): 209 kB | 130/164 kBProgress (2): 209 kB | 147/164 kBProgress (2): 209 kB | 163/164 kBProgress (2): 209 kB | 164 kB                                 Downloaded from central: https://repo.maven.apache.org/maven2/org/apache/maven/shared/maven-shared-utils/3.1.0/maven-shared-utils-3.1.0.jar (164 kB at 969 kB/s)
Downloading from central: https://repo.maven.apache.org/maven2/org/apache/maven/resolver/maven-resolver-api/1.4.1/maven-resolver-api-1.4.1.jar
Progress (2): 209 kB | 16/340 kBProgress (2): 209 kB | 33/340 kBProgress (2): 209 kB | 49/340 kB                                Downloaded from central: https://repo.maven.apache.org/maven2/commons-io/commons-io/2.5/commons-io-2.5.jar (209 kB at 1.1 MB/s)
Downloading from central: https://repo.maven.apache.org/maven2/org/apache/maven/maven-compat/3.0/maven-compat-3.0.jar
Progress (2): 49/340 kB | 16/502 kBProgress (2): 49/340 kB | 33/502 kBProgress (3): 49/340 kB | 33/502 kB | 16/149 kBProgress (3): 49/340 kB | 49/502 kB | 16/149 kBProgress (3): 49/340 kB | 66/502 kB | 16/149 kBProgress (3): 49/340 kB | 82/502 kB | 16/149 kBProgress (3): 49/340 kB | 98/502 kB | 16/149 kBProgress (4): 49/340 kB | 98/502 kB | 16/149 kB | 16/285 kBProgress (4): 49/340 kB | 115/502 kB | 16/149 kB | 16/285 kBProgress (4): 49/340 kB | 115/502 kB | 16/149 kB | 32/285 kBProgress (4): 49/340 kB | 131/502 kB | 16/149 kB | 32/285 kBProgress (4): 49/340 kB | 147/502 kB | 16/149 kB | 32/285 kBProgress (4): 49/340 kB | 164/502 kB | 16/149 kB | 32/285 kBProgress (4): 49/340 kB | 180/502 kB | 16/149 kB | 32/285 kBProgress (4): 66/340 kB | 180/502 kB | 16/149 kB | 32/285 kBProgress (4): 66/340 kB | 197/502 kB | 16/149 kB | 32/285 kBProgress (4): 82/340 kB | 197/502 kB | 16/149 kB | 32/285 kBProgress (4): 82/340 kB | 213/502 kB | 16/149 kB | 32/285 kBProgress (4): 98/340 kB | 213/502 kB | 16/149 kB | 32/285 kBProgress (4): 98/340 kB | 229/502 kB | 16/149 kB | 32/285 kBProgress (4): 98/340 kB | 246/502 kB | 16/149 kB | 32/285 kBProgress (4): 98/340 kB | 262/502 kB | 16/149 kB | 32/285 kBProgress (4): 98/340 kB | 279/502 kB | 16/149 kB | 32/285 kBProgress (4): 98/340 kB | 295/502 kB | 16/149 kB | 32/285 kBProgress (4): 98/340 kB | 311/502 kB | 16/149 kB | 32/285 kBProgress (4): 115/340 kB | 311/502 kB | 16/149 kB | 32/285 kBProgress (4): 115/340 kB | 311/502 kB | 33/149 kB | 32/285 kBProgress (4): 115/340 kB | 311/502 kB | 49/149 kB | 32/285 kBProgress (4): 115/340 kB | 311/502 kB | 62/149 kB | 32/285 kBProgress (4): 115/340 kB | 311/502 kB | 78/149 kB | 32/285 kBProgress (4): 115/340 kB | 311/502 kB | 94/149 kB | 32/285 kBProgress (5): 115/340 kB | 311/502 kB | 94/149 kB | 32/285 kB | 16/168 kBProgress (5): 115/340 kB | 311/502 kB | 111/149 kB | 32/285 kB | 16/168 kBProgress (5): 115/340 kB | 311/502 kB | 111/149 kB | 32/285 kB | 33/168 kBProgress (5): 115/340 kB | 311/502 kB | 127/149 kB | 32/285 kB | 33/168 kBProgress (5): 115/340 kB | 311/502 kB | 127/149 kB | 49/285 kB | 33/168 kBProgress (5): 115/340 kB | 311/502 kB | 127/149 kB | 65/285 kB | 33/168 kBProgress (5): 115/340 kB | 311/502 kB | 127/149 kB | 65/285 kB | 49/168 kBProgress (5): 115/340 kB | 328/502 kB | 127/149 kB | 65/285 kB | 49/168 kBProgress (5): 115/340 kB | 328/502 kB | 143/149 kB | 65/285 kB | 49/168 kBProgress (5): 115/340 kB | 344/502 kB | 143/149 kB | 65/285 kB | 49/168 kBProgress (5): 115/340 kB | 344/502 kB | 143/149 kB | 65/285 kB | 62/168 kBProgress (5): 131/340 kB | 344/502 kB | 143/149 kB | 65/285 kB | 62/168 kBProgress (5): 131/340 kB | 344/502 kB | 143/149 kB | 65/285 kB | 79/168 kBProgress (5): 131/340 kB | 344/502 kB | 143/149 kB | 81/285 kB | 79/168 kBProgress (5): 131/340 kB | 344/502 kB | 149 kB | 81/285 kB | 79/168 kB    Progress (5): 131/340 kB | 344/502 kB | 149 kB | 98/285 kB | 79/168 kBProgress (5): 147/340 kB | 344/502 kB | 149 kB | 98/285 kB | 79/168 kBProgress (5): 164/340 kB | 344/502 kB | 149 kB | 98/285 kB | 79/168 kBProgress (5): 164/340 kB | 344/502 kB | 149 kB | 98/285 kB | 95/168 kBProgress (5): 180/340 kB | 344/502 kB | 149 kB | 98/285 kB | 95/168 kBProgress (5): 180/340 kB | 344/502 kB | 149 kB | 98/285 kB | 112/168 kBProgress (5): 196/340 kB | 344/502 kB | 149 kB | 98/285 kB | 112/168 kBProgress (5): 213/340 kB | 344/502 kB | 149 kB | 98/285 kB | 112/168 kBProgress (5): 229/340 kB | 344/502 kB | 149 kB | 98/285 kB | 112/168 kBProgress (5): 246/340 kB | 344/502 kB | 149 kB | 98/285 kB | 112/168 kBProgress (5): 262/340 kB | 344/502 kB | 149 kB | 98/285 kB | 112/168 kBProgress (5): 278/340 kB | 344/502 kB | 149 kB | 98/285 kB | 112/168 kBProgress (5): 295/340 kB | 344/502 kB | 149 kB | 98/285 kB | 112/168 kBProgress (5): 311/340 kB | 344/502 kB | 149 kB | 98/285 kB | 112/168 kBProgress (5): 325/340 kB | 344/502 kB | 149 kB | 98/285 kB | 112/168 kBProgress (5): 340 kB | 344/502 kB | 149 kB | 98/285 kB | 112/168 kB    Progress (5): 340 kB | 360/502 kB | 149 kB | 98/285 kB | 112/168 kBProgress (5): 340 kB | 377/502 kB | 149 kB | 98/285 kB | 112/168 kBProgress (5): 340 kB | 393/502 kB | 149 kB | 98/285 kB | 112/168 kBProgress (5): 340 kB | 410/502 kB | 149 kB | 98/285 kB | 112/168 kBProgress (5): 340 kB | 426/502 kB | 149 kB | 98/285 kB | 112/168 kBProgress (5): 340 kB | 442/502 kB | 149 kB | 98/285 kB | 112/168 kBProgress (5): 340 kB | 459/502 kB | 149 kB | 98/285 kB | 112/168 kB                                                                   Downloaded from central: https://repo.maven.apache.org/maven2/org/apache/maven/resolver/maven-resolver-api/1.4.1/maven-resolver-api-1.4.1.jar (149 kB at 687 kB/s)
Downloading from central: https://repo.maven.apache.org/maven2/org/apache/maven/wagon/wagon-provider-api/1.0-beta-6/wagon-provider-api-1.0-beta-6.jar
Progress (4): 340 kB | 475/502 kB | 98/285 kB | 112/168 kBProgress (4): 340 kB | 492/502 kB | 98/285 kB | 112/168 kBProgress (4): 340 kB | 502 kB | 98/285 kB | 112/168 kB                                                          Downloaded from central: https://repo.maven.apache.org/maven2/org/apache/commons/commons-lang3/3.8.1/commons-lang3-3.8.1.jar (502 kB at 2.3 MB/s)
Downloaded from central: https://repo.maven.apache.org/maven2/commons-codec/commons-codec/1.12/commons-codec-1.12.jar (340 kB at 1.6 MB/s)
Progress (2): 114/285 kB | 112/168 kBProgress (2): 114/285 kB | 125/168 kBProgress (2): 114/285 kB | 141/168 kBProgress (2): 116/285 kB | 141/168 kBProgress (2): 133/285 kB | 141/168 kBProgress (2): 149/285 kB | 141/168 kBProgress (2): 165/285 kB | 141/168 kBProgress (2): 165/285 kB | 158/168 kBProgress (2): 179/285 kB | 158/168 kBProgress (2): 179/285 kB | 168 kB    Progress (2): 195/285 kB | 168 kBProgress (2): 212/285 kB | 168 kBProgress (2): 214/285 kB | 168 kBProgress (2): 230/285 kB | 168 kBProgress (2): 242/285 kB | 168 kBProgress (2): 258/285 kB | 168 kBProgress (2): 274/285 kB | 168 kBProgress (2): 285 kB | 168 kB    Progress (3): 285 kB | 168 kB | 16/53 kB                                        Downloaded from central: https://repo.maven.apache.org/maven2/org/apache/maven/resolver/maven-resolver-util/1.4.1/maven-resolver-util-1.4.1.jar (168 kB at 755 kB/s)
Progress (2): 285 kB | 32/53 kB                               Downloaded from central: https://repo.maven.apache.org/maven2/org/apache/maven/maven-compat/3.0/maven-compat-3.0.jar (285 kB at 1.3 MB/s)
Progress (1): 49/53 kBProgress (1): 53 kB                      Downloaded from central: https://repo.maven.apache.org/maven2/org/apache/maven/wagon/wagon-provider-api/1.0-beta-6/wagon-provider-api-1.0-beta-6.jar (53 kB at 237 kB/s)
[INFO] 
[INFO] --- replacer:1.5.3:replace (default) @ junit ---
[INFO] Replacement run on 1 file.
[INFO] 
[INFO] --- resources:2.7:resources (default-resources) @ junit ---
[INFO] Using 'ISO-8859-1' encoding to copy filtered resources.
[INFO] Copying 2 resources
[INFO] Copying 1 resource
[INFO] 
[INFO] --- compiler:3.3:compile (default-compile) @ junit ---
[INFO] Changes detected - recompiling the module!
[INFO] Compiling 219 source files to /home/jenkins/agent/workspace/maven/target/classes
[WARNING] To suppress warnings about obsolete options, use -Xlint:-options.
/home/jenkins/agent/workspace/maven/src/main/java/junit/extensions/TestDecorator.java:[3,22] [deprecation] Assert in junit.framework has been deprecated
[WARNING] /home/jenkins/agent/workspace/maven/src/main/java/org/junit/validator/AnnotationValidatorFactory.java:[31,59] [deprecation] newInstance() in Class has been deprecated
[WARNING]   where T is a type-variable:
    T extends Object declared in class Class
/home/jenkins/agent/workspace/maven/src/main/java/org/junit/internal/runners/statements/FailOnTimeout.java:[145,24] [removal] isDaemon() in ThreadGroup has been deprecated and marked for removal
[WARNING] /home/jenkins/agent/workspace/maven/src/main/java/org/junit/internal/runners/statements/FailOnTimeout.java:[151,27] [removal] setDaemon(boolean) in ThreadGroup has been deprecated and marked for removal
[WARNING] /home/jenkins/agent/workspace/maven/src/main/java/org/junit/experimental/theories/internal/Assignments.java:[122,18] [deprecation] newInstance() in Class has been deprecated
[WARNING]   where T is a type-variable:
    T extends Object declared in class Class
/home/jenkins/agent/workspace/maven/src/main/java/org/junit/runners/Parameterized.java:[406,35] [deprecation] newInstance() in Class has been deprecated
[WARNING]   where T is a type-variable:
    T extends Object declared in class Class
/home/jenkins/agent/workspace/maven/src/main/java/org/junit/runners/parameterized/BlockJUnit4ClassRunnerWithParameters.java:[69,64] [deprecation] newInstance() in Class has been deprecated
[INFO] 
[INFO] --- resources:2.7:testResources (default-testResources) @ junit ---
[INFO] Using 'ISO-8859-1' encoding to copy filtered resources.
[INFO] Copying 9 resources
[INFO] 
[INFO] --- compiler:3.3:testCompile (default-testCompile) @ junit ---
[INFO] Changes detected - recompiling the module!
[INFO] Compiling 252 source files to /home/jenkins/agent/workspace/maven/target/test-classes
[WARNING] To suppress warnings about obsolete options, use -Xlint:-options.
/home/jenkins/agent/workspace/maven/src/test/java/org/junit/tests/validation/BadlyFormedClassesTest.java:[9,33] [deprecation] JUnit4ClassRunner in org.junit.internal.runners has been deprecated
[WARNING] /home/jenkins/agent/workspace/maven/src/test/java/org/junit/tests/deprecated/JUnit4ClassRunnerTest.java:[8,33] [deprecation] JUnit4ClassRunner in org.junit.internal.runners has been deprecated
[WARNING] /home/jenkins/agent/workspace/maven/src/test/java/org/junit/rules/TestWatchmanTest.java:[3,29] [deprecation] Assert in junit.framework has been deprecated
[WARNING] /home/jenkins/agent/workspace/maven/src/test/java/org/junit/rules/ExpectedExceptionTest.java:[117,42] [deprecation] none() in ExpectedException has been deprecated
[WARNING] /home/jenkins/agent/workspace/maven/src/test/java/org/junit/rules/ExpectedExceptionTest.java:[126,42] [deprecation] none() in ExpectedException has been deprecated
[WARNING] /home/jenkins/agent/workspace/maven/src/test/java/org/junit/rules/ExpectedExceptionTest.java:[137,42] [deprecation] none() in ExpectedException has been deprecated
[WARNING] /home/jenkins/agent/workspace/maven/src/test/java/org/junit/rules/ExpectedExceptionTest.java:[149,42] [deprecation] none() in ExpectedException has been deprecated
[WARNING] /home/jenkins/agent/workspace/maven/src/test/java/org/junit/rules/ExpectedExceptionTest.java:[160,42] [deprecation] none() in ExpectedException has been deprecated
[WARNING] /home/jenkins/agent/workspace/maven/src/test/java/org/junit/rules/ExpectedExceptionTest.java:[171,42] [deprecation] none() in ExpectedException has been deprecated
[WARNING] /home/jenkins/agent/workspace/maven/src/test/java/org/junit/rules/ExpectedExceptionTest.java:[181,42] [deprecation] none() in ExpectedException has been deprecated
[WARNING] /home/jenkins/agent/workspace/maven/src/test/java/org/junit/rules/ExpectedExceptionTest.java:[191,42] [deprecation] none() in ExpectedException has been deprecated
[WARNING] /home/jenkins/agent/workspace/maven/src/test/java/org/junit/rules/ExpectedExceptionTest.java:[203,42] [deprecation] none() in ExpectedException has been deprecated
[WARNING] /home/jenkins/agent/workspace/maven/src/test/java/org/junit/rules/ExpectedExceptionTest.java:[214,42] [deprecation] none() in ExpectedException has been deprecated
[WARNING] /home/jenkins/agent/workspace/maven/src/test/java/org/junit/rules/ExpectedExceptionTest.java:[225,42] [deprecation] none() in ExpectedException has been deprecated
[WARNING] /home/jenkins/agent/workspace/maven/src/test/java/org/junit/rules/ExpectedExceptionTest.java:[236,42] [deprecation] none() in ExpectedException has been deprecated
[WARNING] /home/jenkins/agent/workspace/maven/src/test/java/org/junit/rules/ExpectedExceptionTest.java:[247,42] [deprecation] none() in ExpectedException has been deprecated
[WARNING] /home/jenkins/agent/workspace/maven/src/test/java/org/junit/rules/ExpectedExceptionTest.java:[260,42] [deprecation] none() in ExpectedException has been deprecated
[WARNING] /home/jenkins/agent/workspace/maven/src/test/java/org/junit/rules/ExpectedExceptionTest.java:[270,42] [deprecation] none() in ExpectedException has been deprecated
[WARNING] /home/jenkins/agent/workspace/maven/src/test/java/org/junit/rules/ExpectedExceptionTest.java:[281,42] [deprecation] none() in ExpectedException has been deprecated
[WARNING] /home/jenkins/agent/workspace/maven/src/test/java/org/junit/rules/ExpectedExceptionTest.java:[292,42] [deprecation] none() in ExpectedException has been deprecated
[WARNING] /home/jenkins/agent/workspace/maven/src/test/java/org/junit/rules/ExpectedExceptionTest.java:[308,42] [deprecation] none() in ExpectedException has been deprecated
[WARNING] /home/jenkins/agent/workspace/maven/src/test/java/org/junit/rules/ExpectedExceptionTest.java:[323,59] [deprecation] none() in ExpectedException has been deprecated
[WARNING] /home/jenkins/agent/workspace/maven/src/test/java/org/junit/rules/ExpectedExceptionTest.java:[338,58] [deprecation] none() in ExpectedException has been deprecated
[WARNING] /home/jenkins/agent/workspace/maven/src/test/java/org/junit/rules/ExpectedExceptionTest.java:[349,59] [deprecation] none() in ExpectedException has been deprecated
[WARNING] /home/jenkins/agent/workspace/maven/src/test/java/org/junit/rules/ExpectedExceptionTest.java:[362,58] [deprecation] none() in ExpectedException has been deprecated
[WARNING] /home/jenkins/agent/workspace/maven/src/test/java/org/junit/rules/ExpectedExceptionTest.java:[377,59] [deprecation] none() in ExpectedException has been deprecated
[WARNING] /home/jenkins/agent/workspace/maven/src/test/java/org/junit/tests/assertion/MultipleFailureExceptionTest.java:[91,66] [deprecation] AssumptionViolatedException(String) in AssumptionViolatedException has been deprecated
[WARNING] /home/jenkins/agent/workspace/maven/src/test/java/org/junit/rules/TestWatcherTest.java:[359,52] [deprecation] none() in ExpectedException has been deprecated
[WARNING] /home/jenkins/agent/workspace/maven/src/test/java/org/junit/runner/FilterFactoriesTest.java:[19,66] [deprecation] none() in ExpectedException has been deprecated
[WARNING] /home/jenkins/agent/workspace/maven/src/test/java/org/junit/internal/runners/statements/ExpectExceptionTest.java:[20,38] [deprecation] AssumptionViolatedException(String) in AssumptionViolatedException has been deprecated
[WARNING] /home/jenkins/agent/workspace/maven/src/test/java/org/junit/internal/runners/statements/ExpectExceptionTest.java:[85,12] [deprecation] AssumptionViolatedException(String) in AssumptionViolatedException has been deprecated
[WARNING] /home/jenkins/agent/workspace/maven/src/test/java/org/junit/experimental/categories/CategoryFilterFactoryTest.java:[20,66] [deprecation] none() in ExpectedException has been deprecated
[WARNING] /home/jenkins/agent/workspace/maven/src/test/java/org/junit/experimental/categories/MultiCategoryTest.java:[34,8] [deprecation] <T>assertThat(String,T,Matcher<? super T>) in Assert has been deprecated
[WARNING]   where T is a type-variable:
    T extends Object declared in method <T>assertThat(String,T,Matcher<? super T>)
/home/jenkins/agent/workspace/maven/src/test/java/org/junit/experimental/categories/MultiCategoryTest.java:[35,8] [deprecation] <T>assertThat(String,T,Matcher<? super T>) in Assert has been deprecated
[WARNING]   where T is a type-variable:
    T extends Object declared in method <T>assertThat(String,T,Matcher<? super T>)
/home/jenkins/agent/workspace/maven/src/test/java/org/junit/experimental/categories/MultiCategoryTest.java:[36,8] [deprecation] <T>assertThat(String,T,Matcher<? super T>) in Assert has been deprecated
[WARNING]   where T is a type-variable:
    T extends Object declared in method <T>assertThat(String,T,Matcher<? super T>)
/home/jenkins/agent/workspace/maven/src/test/java/org/junit/experimental/categories/MultiCategoryTest.java:[70,8] [deprecation] <T>assertThat(String,T,Matcher<? super T>) in Assert has been deprecated
[WARNING]   where T is a type-variable:
    T extends Object declared in method <T>assertThat(String,T,Matcher<? super T>)
/home/jenkins/agent/workspace/maven/src/test/java/org/junit/experimental/categories/MultiCategoryTest.java:[71,8] [deprecation] <T>assertThat(String,T,Matcher<? super T>) in Assert has been deprecated
[WARNING]   where T is a type-variable:
    T extends Object declared in method <T>assertThat(String,T,Matcher<? super T>)
/home/jenkins/agent/workspace/maven/src/test/java/org/junit/experimental/categories/MultiCategoryTest.java:[72,8] [deprecation] <T>assertThat(String,T,Matcher<? super T>) in Assert has been deprecated
[WARNING]   where T is a type-variable:
    T extends Object declared in method <T>assertThat(String,T,Matcher<? super T>)
/home/jenkins/agent/workspace/maven/src/test/java/org/junit/experimental/categories/MultiCategoryTest.java:[78,8] [deprecation] <T>assertThat(String,T,Matcher<? super T>) in Assert has been deprecated
[WARNING]   where T is a type-variable:
    T extends Object declared in method <T>assertThat(String,T,Matcher<? super T>)
/home/jenkins/agent/workspace/maven/src/test/java/org/junit/experimental/categories/MultiCategoryTest.java:[79,8] [deprecation] <T>assertThat(String,T,Matcher<? super T>) in Assert has been deprecated
[WARNING]   where T is a type-variable:
    T extends Object declared in method <T>assertThat(String,T,Matcher<? super T>)
/home/jenkins/agent/workspace/maven/src/test/java/org/junit/experimental/categories/MultiCategoryTest.java:[80,8] [deprecation] <T>assertThat(String,T,Matcher<? super T>) in Assert has been deprecated
[WARNING]   where T is a type-variable:
    T extends Object declared in method <T>assertThat(String,T,Matcher<? super T>)
/home/jenkins/agent/workspace/maven/src/test/java/org/junit/experimental/categories/MultiCategoryTest.java:[86,8] [deprecation] <T>assertThat(String,T,Matcher<? super T>) in Assert has been deprecated
[WARNING]   where T is a type-variable:
    T extends Object declared in method <T>assertThat(String,T,Matcher<? super T>)
/home/jenkins/agent/workspace/maven/src/test/java/org/junit/experimental/categories/MultiCategoryTest.java:[87,8] [deprecation] <T>assertThat(String,T,Matcher<? super T>) in Assert has been deprecated
[WARNING]   where T is a type-variable:
    T extends Object declared in method <T>assertThat(String,T,Matcher<? super T>)
/home/jenkins/agent/workspace/maven/src/test/java/org/junit/experimental/categories/MultiCategoryTest.java:[88,8] [deprecation] <T>assertThat(String,T,Matcher<? super T>) in Assert has been deprecated
[WARNING]   where T is a type-variable:
    T extends Object declared in method <T>assertThat(String,T,Matcher<? super T>)
/home/jenkins/agent/workspace/maven/src/test/java/org/junit/experimental/categories/MultiCategoryTest.java:[94,8] [deprecation] <T>assertThat(String,T,Matcher<? super T>) in Assert has been deprecated
[WARNING]   where T is a type-variable:
    T extends Object declared in method <T>assertThat(String,T,Matcher<? super T>)
/home/jenkins/agent/workspace/maven/src/test/java/org/junit/experimental/categories/MultiCategoryTest.java:[95,8] [deprecation] <T>assertThat(String,T,Matcher<? super T>) in Assert has been deprecated
[WARNING]   where T is a type-variable:
    T extends Object declared in method <T>assertThat(String,T,Matcher<? super T>)
/home/jenkins/agent/workspace/maven/src/test/java/org/junit/experimental/categories/MultiCategoryTest.java:[96,8] [deprecation] <T>assertThat(String,T,Matcher<? super T>) in Assert has been deprecated
[WARNING]   where T is a type-variable:
    T extends Object declared in method <T>assertThat(String,T,Matcher<? super T>)
/home/jenkins/agent/workspace/maven/src/test/java/org/junit/internal/runners/statements/FailOnTimeoutTest.java:[201,29] [removal] isDaemon() in ThreadGroup has been deprecated and marked for removal
[WARNING] /home/jenkins/agent/workspace/maven/src/test/java/org/junit/internal/runners/statements/FailOnTimeoutTest.java:[210,38] [removal] isDestroyed() in ThreadGroup has been deprecated and marked for removal
[WARNING] /home/jenkins/agent/workspace/maven/src/test/java/org/junit/experimental/categories/JavadocTest.java:[65,8] [deprecation] <T>assertThat(String,T,Matcher<? super T>) in Assert has been deprecated
[WARNING]   where T is a type-variable:
    T extends Object declared in method <T>assertThat(String,T,Matcher<? super T>)
/home/jenkins/agent/workspace/maven/src/test/java/org/junit/experimental/categories/JavadocTest.java:[66,8] [deprecation] <T>assertThat(String,T,Matcher<? super T>) in Assert has been deprecated
[WARNING]   where T is a type-variable:
    T extends Object declared in method <T>assertThat(String,T,Matcher<? super T>)
/home/jenkins/agent/workspace/maven/src/test/java/org/junit/experimental/categories/JavadocTest.java:[73,8] [deprecation] <T>assertThat(String,T,Matcher<? super T>) in Assert has been deprecated
[WARNING]   where T is a type-variable:
    T extends Object declared in method <T>assertThat(String,T,Matcher<? super T>)
/home/jenkins/agent/workspace/maven/src/test/java/org/junit/experimental/categories/JavadocTest.java:[74,8] [deprecation] <T>assertThat(String,T,Matcher<? super T>) in Assert has been deprecated
[WARNING]   where T is a type-variable:
    T extends Object declared in method <T>assertThat(String,T,Matcher<? super T>)
/home/jenkins/agent/workspace/maven/src/test/java/org/junit/rules/ErrorCollectorTest.java:[136,31] [deprecation] AssumptionViolatedException(String) in AssumptionViolatedException has been deprecated
[WARNING] /home/jenkins/agent/workspace/maven/src/test/java/org/junit/rules/ErrorCollectorTest.java:[232,26] [deprecation] AssumptionViolatedException(String) in AssumptionViolatedException has been deprecated
[WARNING] /home/jenkins/agent/workspace/maven/src/test/java/org/junit/tests/experimental/theories/internal/AllMembersSupplierTest.java:[25,57] [deprecation] none() in ExpectedException has been deprecated
[WARNING] /home/jenkins/agent/workspace/maven/src/test/java/org/junit/runners/parameterized/BlockJUnit4ClassRunnerWithParametersTest.java:[27,44] [deprecation] none() in ExpectedException has been deprecated
[WARNING] /home/jenkins/agent/workspace/maven/src/test/java/org/junit/tests/experimental/theories/runner/WithParameterSupplier.java:[26,57] [deprecation] none() in ExpectedException has been deprecated
[WARNING] /home/jenkins/agent/workspace/maven/src/test/java/org/junit/runners/model/TestClassTest.java:[23,58] [deprecation] none() in ExpectedException has been deprecated
[WARNING] /home/jenkins/agent/workspace/maven/src/test/java/org/junit/runner/JUnitCommandLineParseResultTest.java:[18,66] [deprecation] none() in ExpectedException has been deprecated
[WARNING] /home/jenkins/agent/workspace/maven/src/test/java/org/junit/rules/LoggingTestWatcher.java:[29,19] [deprecation] skipped(AssumptionViolatedException,Description) in TestWatcher has been deprecated
[WARNING] /home/jenkins/agent/workspace/maven/src/test/java/org/junit/tests/running/methods/ExpectedTest.java:[75,18] [deprecation] AssumptionViolatedException(String) in AssumptionViolatedException has been deprecated
[WARNING] /home/jenkins/agent/workspace/maven/src/test/java/org/junit/experimental/categories/CategoryTest.java:[200,33] [deprecation] CategoryFilter(Class<?>,Class<?>) in CategoryFilter has been deprecated
[WARNING] /home/jenkins/agent/workspace/maven/src/test/java/org/junit/experimental/categories/CategoryTest.java:[219,32] [deprecation] CategoryFilter(Class<?>,Class<?>) in CategoryFilter has been deprecated
[WARNING] /home/jenkins/agent/workspace/maven/src/test/java/org/junit/runners/model/FrameworkMethodTest.java:[19,44] [deprecation] none() in ExpectedException has been deprecated
[WARNING] /home/jenkins/agent/workspace/maven/src/test/java/org/junit/rules/ExternalResourceRuleTest.java:[140,64] [deprecation] AssumptionViolatedException(String) in AssumptionViolatedException has been deprecated
[WARNING] /home/jenkins/agent/workspace/maven/src/test/java/org/junit/runners/model/FrameworkFieldTest.java:[19,44] [deprecation] none() in ExpectedException has been deprecated
[WARNING] /home/jenkins/agent/workspace/maven/src/test/java/org/junit/runners/parameterized/TestWithParametersTest.java:[26,44] [deprecation] none() in ExpectedException has been deprecated
[WARNING] /home/jenkins/agent/workspace/maven/src/test/java/org/junit/tests/assertion/AssertionTest.java:[697,12] [deprecation] <T>assertThat(String,T,Matcher<? super T>) in Assert has been deprecated
[WARNING]   where T is a type-variable:
    T extends Object declared in method <T>assertThat(String,T,Matcher<? super T>)
/home/jenkins/agent/workspace/maven/src/test/java/org/junit/tests/assertion/AssertionTest.java:[710,12] [deprecation] <T>assertThat(String,T,Matcher<? super T>) in Assert has been deprecated
[WARNING]   where T is a type-variable:
    T extends Object declared in method <T>assertThat(String,T,Matcher<? super T>)
/home/jenkins/agent/workspace/maven/src/test/java/org/junit/tests/assertion/AssertionTest.java:[726,12] [deprecation] <T>assertThat(T,Matcher<? super T>) in Assert has been deprecated
[WARNING]   where T is a type-variable:
    T extends Object declared in method <T>assertThat(T,Matcher<? super T>)
/home/jenkins/agent/workspace/maven/src/test/java/org/junit/validator/AnnotationValidatorFactoryTest.java:[13,58] [deprecation] none() in ExpectedException has been deprecated
[WARNING] /home/jenkins/agent/workspace/maven/src/test/java/org/junit/rules/TemporaryFolderUsageTest.java:[27,61] [deprecation] none() in ExpectedException has been deprecated
[INFO] 
[INFO] --- surefire:2.19.1:test (default-test) @ junit ---
Downloading from central: https://repo.maven.apache.org/maven2/org/apache/maven/surefire/surefire-junit47/2.19.1/surefire-junit47-2.19.1.pom
Progress (1): 6.2 kB                    Downloaded from central: https://repo.maven.apache.org/maven2/org/apache/maven/surefire/surefire-junit47/2.19.1/surefire-junit47-2.19.1.pom (6.2 kB at 25 kB/s)
Downloading from central: https://repo.maven.apache.org/maven2/org/apache/maven/surefire/surefire-providers/2.19.1/surefire-providers-2.19.1.pom
Progress (1): 2.6 kB                    Downloaded from central: https://repo.maven.apache.org/maven2/org/apache/maven/surefire/surefire-providers/2.19.1/surefire-providers-2.19.1.pom (2.6 kB at 285 kB/s)
Downloading from central: https://repo.maven.apache.org/maven2/org/apache/maven/surefire/common-junit48/2.19.1/common-junit48-2.19.1.pom
Progress (1): 3.1 kB                    Downloaded from central: https://repo.maven.apache.org/maven2/org/apache/maven/surefire/common-junit48/2.19.1/common-junit48-2.19.1.pom (3.1 kB at 13 kB/s)
Downloading from central: https://repo.maven.apache.org/maven2/org/apache/maven/surefire/common-junit4/2.19.1/common-junit4-2.19.1.pom
Progress (1): 2.1 kB                    Downloaded from central: https://repo.maven.apache.org/maven2/org/apache/maven/surefire/common-junit4/2.19.1/common-junit4-2.19.1.pom (2.1 kB at 8.3 kB/s)
Downloading from central: https://repo.maven.apache.org/maven2/org/apache/maven/surefire/common-junit3/2.19.1/common-junit3-2.19.1.pom
Progress (1): 1.6 kB                    Downloaded from central: https://repo.maven.apache.org/maven2/org/apache/maven/surefire/common-junit3/2.19.1/common-junit3-2.19.1.pom (1.6 kB at 6.3 kB/s)
Downloading from central: https://repo.maven.apache.org/maven2/org/apache/maven/surefire/surefire-api/2.19.1/surefire-api-2.19.1.pom
Progress (1): 3.5 kB                    Downloaded from central: https://repo.maven.apache.org/maven2/org/apache/maven/surefire/surefire-api/2.19.1/surefire-api-2.19.1.pom (3.5 kB at 351 kB/s)
Downloading from central: https://repo.maven.apache.org/maven2/org/apache/maven/surefire/common-java5/2.19.1/common-java5-2.19.1.pom
Progress (1): 2.7 kB                    Downloaded from central: https://repo.maven.apache.org/maven2/org/apache/maven/surefire/common-java5/2.19.1/common-java5-2.19.1.pom (2.7 kB at 297 kB/s)
Downloading from central: https://repo.maven.apache.org/maven2/org/apache/maven/shared/maven-shared-utils/0.9/maven-shared-utils-0.9.pom
Progress (1): 6.2 kB                    Downloaded from central: https://repo.maven.apache.org/maven2/org/apache/maven/shared/maven-shared-utils/0.9/maven-shared-utils-0.9.pom (6.2 kB at 566 kB/s)
Downloading from central: https://repo.maven.apache.org/maven2/org/apache/maven/shared/maven-shared-components/21/maven-shared-components-21.pom
Progress (1): 5.1 kB                    Downloaded from central: https://repo.maven.apache.org/maven2/org/apache/maven/shared/maven-shared-components/21/maven-shared-components-21.pom (5.1 kB at 638 kB/s)
Downloading from central: https://repo.maven.apache.org/maven2/org/apache/maven/surefire/surefire-grouper/2.19.1/surefire-grouper-2.19.1.pom
Progress (1): 2.6 kB                    Downloaded from central: https://repo.maven.apache.org/maven2/org/apache/maven/surefire/surefire-grouper/2.19.1/surefire-grouper-2.19.1.pom (2.6 kB at 11 kB/s)
Downloading from central: https://repo.maven.apache.org/maven2/org/apache/maven/surefire/maven-surefire-common/2.19.1/maven-surefire-common-2.19.1.pom
Progress (1): 7.3 kB                    Downloaded from central: https://repo.maven.apache.org/maven2/org/apache/maven/surefire/maven-surefire-common/2.19.1/maven-surefire-common-2.19.1.pom (7.3 kB at 733 kB/s)
Downloading from central: https://repo.maven.apache.org/maven2/org/apache/maven/plugin-tools/maven-plugin-annotations/3.3/maven-plugin-annotations-3.3.pom
Progress (1): 1.6 kB                    Downloaded from central: https://repo.maven.apache.org/maven2/org/apache/maven/plugin-tools/maven-plugin-annotations/3.3/maven-plugin-annotations-3.3.pom (1.6 kB at 181 kB/s)
Downloading from central: https://repo.maven.apache.org/maven2/org/apache/maven/plugin-tools/maven-plugin-tools/3.3/maven-plugin-tools-3.3.pom
Progress (1): 13 kB                   Downloaded from central: https://repo.maven.apache.org/maven2/org/apache/maven/plugin-tools/maven-plugin-tools/3.3/maven-plugin-tools-3.3.pom (13 kB at 1.6 MB/s)
Downloading from central: https://repo.maven.apache.org/maven2/org/apache/maven/surefire/surefire-booter/2.19.1/surefire-booter-2.19.1.pom
Progress (1): 3.2 kB                    Downloaded from central: https://repo.maven.apache.org/maven2/org/apache/maven/surefire/surefire-booter/2.19.1/surefire-booter-2.19.1.pom (3.2 kB at 265 kB/s)
Downloading from central: https://repo.maven.apache.org/maven2/junit/junit/4.12/junit-4.12.pom
Progress (1): 16/24 kBProgress (1): 24 kB                      Downloaded from central: https://repo.maven.apache.org/maven2/junit/junit/4.12/junit-4.12.pom (24 kB at 3.0 MB/s)
Downloading from central: https://repo.maven.apache.org/maven2/org/apache/maven/reporting/maven-reporting-api/3.0/maven-reporting-api-3.0.pom
Progress (1): 2.4 kB                    Downloaded from central: https://repo.maven.apache.org/maven2/org/apache/maven/reporting/maven-reporting-api/3.0/maven-reporting-api-3.0.pom (2.4 kB at 237 kB/s)
Downloading from central: https://repo.maven.apache.org/maven2/org/apache/maven/shared/maven-shared-components/15/maven-shared-components-15.pom
Progress (1): 9.3 kB                    Downloaded from central: https://repo.maven.apache.org/maven2/org/apache/maven/shared/maven-shared-components/15/maven-shared-components-15.pom (9.3 kB at 1.0 MB/s)
Downloading from central: https://repo.maven.apache.org/maven2/org/apache/maven/maven-parent/16/maven-parent-16.pom
Progress (1): 16/23 kBProgress (1): 23 kB                      Downloaded from central: https://repo.maven.apache.org/maven2/org/apache/maven/maven-parent/16/maven-parent-16.pom (23 kB at 3.9 MB/s)
Downloading from central: https://repo.maven.apache.org/maven2/org/apache/commons/commons-lang3/3.1/commons-lang3-3.1.pom
Progress (1): 16/17 kBProgress (1): 17 kB                      Downloaded from central: https://repo.maven.apache.org/maven2/org/apache/commons/commons-lang3/3.1/commons-lang3-3.1.pom (17 kB at 1.4 MB/s)
Downloading from central: https://repo.maven.apache.org/maven2/org/apache/maven/surefire/surefire-junit47/2.19.1/surefire-junit47-2.19.1.jar
Progress (1): 15/153 kBProgress (1): 31/153 kBProgress (1): 48/153 kBProgress (1): 64/153 kBProgress (1): 80/153 kBProgress (1): 97/153 kBProgress (1): 113/153 kBProgress (1): 130/153 kBProgress (1): 146/153 kBProgress (1): 153 kB                        Downloaded from central: https://repo.maven.apache.org/maven2/org/apache/maven/surefire/surefire-junit47/2.19.1/surefire-junit47-2.19.1.jar (153 kB at 592 kB/s)
Downloading from central: https://repo.maven.apache.org/maven2/org/apache/maven/surefire/common-junit48/2.19.1/common-junit48-2.19.1.jar
Downloading from central: https://repo.maven.apache.org/maven2/org/apache/maven/surefire/common-junit4/2.19.1/common-junit4-2.19.1.jar
Downloading from central: https://repo.maven.apache.org/maven2/org/apache/maven/surefire/common-junit3/2.19.1/common-junit3-2.19.1.jar
Downloading from central: https://repo.maven.apache.org/maven2/org/apache/maven/surefire/common-java5/2.19.1/common-java5-2.19.1.jar
Downloading from central: https://repo.maven.apache.org/maven2/org/apache/maven/shared/maven-shared-utils/0.9/maven-shared-utils-0.9.jar
Progress (1): 16/44 kBProgress (1): 33/44 kBProgress (1): 44 kB                      Downloaded from central: https://repo.maven.apache.org/maven2/org/apache/maven/surefire/common-java5/2.19.1/common-java5-2.19.1.jar (44 kB at 2.5 MB/s)
Downloading from central: https://repo.maven.apache.org/maven2/org/apache/maven/surefire/surefire-grouper/2.19.1/surefire-grouper-2.19.1.jar
Progress (1): 16/172 kBProgress (1): 33/172 kBProgress (1): 49/172 kBProgress (1): 63/172 kBProgress (1): 79/172 kBProgress (1): 95/172 kBProgress (1): 112/172 kBProgress (1): 125/172 kBProgress (1): 131/172 kBProgress (1): 147/172 kBProgress (1): 164/172 kBProgress (1): 172 kB                        Downloaded from central: https://repo.maven.apache.org/maven2/org/apache/maven/shared/maven-shared-utils/0.9/maven-shared-utils-0.9.jar (172 kB at 5.0 MB/s)
Downloading from central: https://repo.maven.apache.org/maven2/org/apache/maven/surefire/maven-surefire-common/2.19.1/maven-surefire-common-2.19.1.jar
Progress (1): 16/293 kBProgress (1): 33/293 kBProgress (1): 49/293 kBProgress (1): 66/293 kBProgress (1): 82/293 kBProgress (1): 98/293 kBProgress (1): 115/293 kBProgress (1): 129/293 kBProgress (1): 145/293 kBProgress (1): 162/293 kBProgress (1): 178/293 kBProgress (1): 194/293 kBProgress (1): 211/293 kBProgress (1): 227/293 kBProgress (1): 244/293 kBProgress (1): 260/293 kBProgress (1): 276/293 kBProgress (1): 293 kB                        Downloaded from central: https://repo.maven.apache.org/maven2/org/apache/maven/surefire/maven-surefire-common/2.19.1/maven-surefire-common-2.19.1.jar (293 kB at 4.8 MB/s)
Downloading from central: https://repo.maven.apache.org/maven2/org/apache/maven/surefire/surefire-booter/2.19.1/surefire-booter-2.19.1.jar
Progress (1): 16/46 kBProgress (1): 32/46 kBProgress (1): 46 kB                      Downloaded from central: https://repo.maven.apache.org/maven2/org/apache/maven/surefire/surefire-booter/2.19.1/surefire-booter-2.19.1.jar (46 kB at 591 kB/s)
Downloading from central: https://repo.maven.apache.org/maven2/junit/junit/4.12/junit-4.12.jar
Progress (1): 16/315 kBProgress (1): 33/315 kBProgress (1): 49/315 kBProgress (1): 65/315 kBProgress (1): 82/315 kBProgress (1): 98/315 kBProgress (1): 115/315 kBProgress (1): 128/315 kBProgress (1): 131/315 kBProgress (1): 147/315 kBProgress (1): 164/315 kBProgress (1): 180/315 kBProgress (1): 194/315 kBProgress (1): 197/315 kBProgress (1): 213/315 kBProgress (1): 214/315 kBProgress (1): 231/315 kBProgress (1): 247/315 kBProgress (1): 262/315 kBProgress (1): 278/315 kBProgress (1): 295/315 kBProgress (1): 311/315 kBProgress (1): 315 kB                        Downloaded from central: https://repo.maven.apache.org/maven2/junit/junit/4.12/junit-4.12.jar (315 kB at 2.9 MB/s)
Downloading from central: https://repo.maven.apache.org/maven2/org/apache/maven/reporting/maven-reporting-api/3.0/maven-reporting-api-3.0.jar
Progress (1): 11 kB                   Downloaded from central: https://repo.maven.apache.org/maven2/org/apache/maven/reporting/maven-reporting-api/3.0/maven-reporting-api-3.0.jar (11 kB at 95 kB/s)
Downloading from central: https://repo.maven.apache.org/maven2/org/apache/commons/commons-lang3/3.1/commons-lang3-3.1.jar
Progress (1): 16/316 kBProgress (1): 33/316 kBProgress (1): 45/316 kBProgress (1): 61/316 kBProgress (1): 63/316 kBProgress (1): 79/316 kBProgress (1): 95/316 kBProgress (1): 112/316 kBProgress (1): 128/316 kBProgress (1): 131/316 kBProgress (1): 147/316 kBProgress (1): 163/316 kBProgress (1): 180/316 kBProgress (1): 196/316 kBProgress (1): 213/316 kBProgress (1): 229/316 kBProgress (1): 245/316 kBProgress (1): 262/316 kBProgress (1): 278/316 kBProgress (1): 295/316 kBProgress (1): 311/316 kBProgress (1): 316 kB                        Downloaded from central: https://repo.maven.apache.org/maven2/org/apache/commons/commons-lang3/3.1/commons-lang3-3.1.jar (316 kB at 2.1 MB/s)
Downloading from central: https://repo.maven.apache.org/maven2/org/apache/maven/surefire/surefire-api/2.19.1/surefire-api-2.19.1.jar
Progress (1): 16/196 kBProgress (1): 32/196 kBProgress (1): 49/196 kBProgress (1): 65/196 kBProgress (1): 81/196 kBProgress (1): 98/196 kBProgress (1): 114/196 kBProgress (1): 131/196 kBProgress (1): 147/196 kBProgress (1): 163/196 kBProgress (1): 180/196 kBProgress (1): 196/196 kBProgress (1): 196 kB                        Downloaded from central: https://repo.maven.apache.org/maven2/org/apache/maven/surefire/surefire-api/2.19.1/surefire-api-2.19.1.jar (196 kB at 1.2 MB/s)
Downloading from central: https://repo.maven.apache.org/maven2/org/apache/maven/plugin-tools/maven-plugin-annotations/3.3/maven-plugin-annotations-3.3.jar
Progress (1): 14 kB                   Downloaded from central: https://repo.maven.apache.org/maven2/org/apache/maven/plugin-tools/maven-plugin-annotations/3.3/maven-plugin-annotations-3.3.jar (14 kB at 80 kB/s)
Progress (1): 16/26 kBProgress (1): 26 kB                      Downloaded from central: https://repo.maven.apache.org/maven2/org/apache/maven/surefire/common-junit4/2.19.1/common-junit4-2.19.1.jar (26 kB at 108 kB/s)
Progress (1): 12 kB                   Downloaded from central: https://repo.maven.apache.org/maven2/org/apache/maven/surefire/common-junit3/2.19.1/common-junit3-2.19.1.jar (12 kB at 45 kB/s)
Progress (1): 16/38 kBProgress (1): 32/38 kBProgress (1): 38 kB                      Downloaded from central: https://repo.maven.apache.org/maven2/org/apache/maven/surefire/surefire-grouper/2.19.1/surefire-grouper-2.19.1.jar (38 kB at 140 kB/s)
Progress (1): 16/23 kBProgress (1): 23 kB                      Downloaded from central: https://repo.maven.apache.org/maven2/org/apache/maven/surefire/common-junit48/2.19.1/common-junit48-2.19.1.jar (23 kB at 75 kB/s)

-------------------------------------------------------
 T E S T S
-------------------------------------------------------
Running org.junit.tests.assertion.AssertionTest
Tests run: 98, Failures: 0, Errors: 0, Skipped: 0, Time elapsed: 0.022 sec - in org.junit.tests.assertion.AssertionTest
Running org.junit.tests.assertion.ComparisonFailureTest
Tests run: 12, Failures: 0, Errors: 0, Skipped: 0, Time elapsed: 0.004 sec - in org.junit.tests.assertion.ComparisonFailureTest
Running org.junit.tests.assertion.MultipleFailureExceptionTest
Tests run: 6, Failures: 0, Errors: 0, Skipped: 0, Time elapsed: 0.012 sec - in org.junit.tests.assertion.MultipleFailureExceptionTest
Running org.junit.tests.deprecated.JUnit4ClassRunnerTest
Tests run: 2, Failures: 0, Errors: 0, Skipped: 0, Time elapsed: 0 sec - in org.junit.tests.deprecated.JUnit4ClassRunnerTest
Running org.junit.tests.description.AnnotatedDescriptionTest
Tests run: 6, Failures: 0, Errors: 0, Skipped: 0, Time elapsed: 0.006 sec - in org.junit.tests.description.AnnotatedDescriptionTest
Running org.junit.tests.description.SuiteDescriptionTest
Tests run: 2, Failures: 0, Errors: 0, Skipped: 0, Time elapsed: 0 sec - in org.junit.tests.description.SuiteDescriptionTest
Running org.junit.tests.description.TestDescriptionMethodNameTest
Tests run: 11, Failures: 0, Errors: 0, Skipped: 0, Time elapsed: 0.003 sec - in org.junit.tests.description.TestDescriptionMethodNameTest
Running org.junit.tests.description.TestDescriptionTest
Tests run: 3, Failures: 0, Errors: 0, Skipped: 0, Time elapsed: 0 sec - in org.junit.tests.description.TestDescriptionTest
Running org.junit.experimental.categories.CategoriesAndParameterizedTest
Tests run: 3, Failures: 0, Errors: 0, Skipped: 0, Time elapsed: 0.011 sec - in org.junit.experimental.categories.CategoriesAndParameterizedTest
Running org.junit.experimental.categories.CategoryFilterFactoryTest
Tests run: 2, Failures: 0, Errors: 0, Skipped: 0, Time elapsed: 0.004 sec - in org.junit.experimental.categories.CategoryFilterFactoryTest
Running org.junit.experimental.categories.CategoryTest
Tests run: 26, Failures: 0, Errors: 0, Skipped: 0, Time elapsed: 0.037 sec - in org.junit.experimental.categories.CategoryTest
Running org.junit.experimental.categories.CategoryValidatorTest
Tests run: 5, Failures: 0, Errors: 0, Skipped: 0, Time elapsed: 0.003 sec - in org.junit.experimental.categories.CategoryValidatorTest
Running org.junit.experimental.categories.JavadocTest
Tests run: 2, Failures: 0, Errors: 0, Skipped: 0, Time elapsed: 0 sec - in org.junit.experimental.categories.JavadocTest
Running org.junit.experimental.categories.MultiCategoryTest
Tests run: 5, Failures: 0, Errors: 0, Skipped: 0, Time elapsed: 0.006 sec - in org.junit.experimental.categories.MultiCategoryTest
Running org.junit.tests.experimental.max.DescriptionTest
Tests run: 9, Failures: 0, Errors: 0, Skipped: 0, Time elapsed: 0.007 sec - in org.junit.tests.experimental.max.DescriptionTest
Running org.junit.tests.experimental.max.JUnit38SortingTest
Tests run: 1, Failures: 0, Errors: 0, Skipped: 0, Time elapsed: 0.022 sec - in org.junit.tests.experimental.max.JUnit38SortingTest
Running org.junit.tests.experimental.max.MaxStarterTest
Tests run: 16, Failures: 0, Errors: 0, Skipped: 0, Time elapsed: 0.389 sec - in org.junit.tests.experimental.max.MaxStarterTest
Running org.junit.tests.experimental.parallel.ParallelClassTest
Tests run: 1, Failures: 0, Errors: 0, Skipped: 0, Time elapsed: 0.003 sec - in org.junit.tests.experimental.parallel.ParallelClassTest
Running org.junit.tests.experimental.parallel.ParallelMethodTest
Tests run: 1, Failures: 0, Errors: 0, Skipped: 0, Time elapsed: 0.001 sec - in org.junit.tests.experimental.parallel.ParallelMethodTest
Running org.junit.tests.experimental.results.PrintableResultTest
Tests run: 2, Failures: 0, Errors: 0, Skipped: 0, Time elapsed: 0.011 sec - in org.junit.tests.experimental.results.PrintableResultTest
Running org.junit.tests.experimental.results.ResultMatchersTest
Tests run: 3, Failures: 0, Errors: 0, Skipped: 0, Time elapsed: 0.001 sec - in org.junit.tests.experimental.results.ResultMatchersTest
Running org.junit.tests.experimental.theories.internal.AllMembersSupplierTest
Tests run: 10, Failures: 0, Errors: 0, Skipped: 0, Time elapsed: 0.005 sec - in org.junit.tests.experimental.theories.internal.AllMembersSupplierTest
Running org.junit.tests.experimental.theories.internal.ParameterizedAssertionErrorTest
Tests run: 7, Failures: 0, Errors: 0, Skipped: 0, Time elapsed: 0.002 sec - in org.junit.tests.experimental.theories.internal.ParameterizedAssertionErrorTest
Running org.junit.tests.experimental.theories.internal.SpecificDataPointsSupplierTest
Tests run: 6, Failures: 0, Errors: 0, Skipped: 0, Time elapsed: 0.004 sec - in org.junit.tests.experimental.theories.internal.SpecificDataPointsSupplierTest
Running org.junit.tests.experimental.theories.runner.FailingDataPointMethods
Tests run: 6, Failures: 0, Errors: 0, Skipped: 0, Time elapsed: 0.002 sec - in org.junit.tests.experimental.theories.runner.FailingDataPointMethods
Running org.junit.tests.experimental.theories.runner.SuccessfulWithDataPointFields$StaticPublicNonDataPoints
Tests run: 1, Failures: 0, Errors: 0, Skipped: 0, Time elapsed: 0.001 sec - in org.junit.tests.experimental.theories.runner.SuccessfulWithDataPointFields$StaticPublicNonDataPoints
Running org.junit.tests.experimental.theories.runner.SuccessfulWithDataPointFields$OneTestTwoAnnotations
Tests run: 1, Failures: 0, Errors: 0, Skipped: 0, Time elapsed: 0.001 sec - in org.junit.tests.experimental.theories.runner.SuccessfulWithDataPointFields$OneTestTwoAnnotations
Running org.junit.tests.experimental.theories.runner.SuccessfulWithDataPointFields$BeforeAndAfterEachTime
Tests run: 1, Failures: 0, Errors: 0, Skipped: 0, Time elapsed: 0 sec - in org.junit.tests.experimental.theories.runner.SuccessfulWithDataPointFields$BeforeAndAfterEachTime
Running org.junit.tests.experimental.theories.runner.SuccessfulWithDataPointFields$DifferentTypesInConstructor
Tests run: 1, Failures: 0, Errors: 0, Skipped: 0, Time elapsed: 0 sec - in org.junit.tests.experimental.theories.runner.SuccessfulWithDataPointFields$DifferentTypesInConstructor
Running org.junit.tests.experimental.theories.runner.SuccessfulWithDataPointFields$PositiveIntsWithMethodParams
Tests run: 1, Failures: 0, Errors: 0, Skipped: 0, Time elapsed: 0 sec - in org.junit.tests.experimental.theories.runner.SuccessfulWithDataPointFields$PositiveIntsWithMethodParams
Running org.junit.tests.experimental.theories.runner.SuccessfulWithDataPointFields$PositiveIntsWithNegativeField
Tests run: 1, Failures: 0, Errors: 0, Skipped: 0, Time elapsed: 0.002 sec - in org.junit.tests.experimental.theories.runner.SuccessfulWithDataPointFields$PositiveIntsWithNegativeField
Running org.junit.tests.experimental.theories.runner.SuccessfulWithDataPointFields$PositiveInts
Tests run: 1, Failures: 0, Errors: 0, Skipped: 0, Time elapsed: 0 sec - in org.junit.tests.experimental.theories.runner.SuccessfulWithDataPointFields$PositiveInts
Running org.junit.tests.experimental.theories.runner.SuccessfulWithDataPointFields$NewObjectEachTime
Tests run: 1, Failures: 0, Errors: 0, Skipped: 0, Time elapsed: 0 sec - in org.junit.tests.experimental.theories.runner.SuccessfulWithDataPointFields$NewObjectEachTime
Running org.junit.tests.experimental.theories.runner.SuccessfulWithDataPointFields$BeforeAndAfterOnSameInstance
Tests run: 1, Failures: 0, Errors: 0, Skipped: 0, Time elapsed: 0 sec - in org.junit.tests.experimental.theories.runner.SuccessfulWithDataPointFields$BeforeAndAfterOnSameInstance
Running org.junit.tests.experimental.theories.runner.SuccessfulWithDataPointFields$HasATwoParameterTheory
Tests run: 1, Failures: 0, Errors: 0, Skipped: 0, Time elapsed: 0 sec - in org.junit.tests.experimental.theories.runner.SuccessfulWithDataPointFields$HasATwoParameterTheory
Running org.junit.tests.experimental.theories.runner.TheoriesPerformanceTest
Tests run: 1, Failures: 0, Errors: 0, Skipped: 1, Time elapsed: 0 sec - in org.junit.tests.experimental.theories.runner.TheoriesPerformanceTest
Running org.junit.tests.experimental.theories.runner.TypeMatchingBetweenMultiDataPointsMethod
Tests run: 2, Failures: 0, Errors: 0, Skipped: 0, Time elapsed: 0 sec - in org.junit.tests.experimental.theories.runner.TypeMatchingBetweenMultiDataPointsMethod
Running org.junit.tests.experimental.theories.runner.UnsuccessfulWithDataPointFields
Tests run: 10, Failures: 0, Errors: 0, Skipped: 0, Time elapsed: 0.026 sec - in org.junit.tests.experimental.theories.runner.UnsuccessfulWithDataPointFields
Running org.junit.tests.experimental.theories.runner.WhenNoParametersMatch
Tests run: 1, Failures: 0, Errors: 0, Skipped: 0, Time elapsed: 0.003 sec - in org.junit.tests.experimental.theories.runner.WhenNoParametersMatch
Running org.junit.tests.experimental.theories.runner.WithAutoGeneratedDataPoints
Tests run: 4, Failures: 0, Errors: 0, Skipped: 0, Time elapsed: 0.002 sec - in org.junit.tests.experimental.theories.runner.WithAutoGeneratedDataPoints
Running org.junit.tests.experimental.theories.runner.WithDataPointMethod
Tests run: 4, Failures: 0, Errors: 0, Skipped: 0, Time elapsed: 0 sec - in org.junit.tests.experimental.theories.runner.WithDataPointMethod
Running org.junit.tests.experimental.theories.runner.WithExtendedParameterSources
Tests run: 8, Failures: 0, Errors: 0, Skipped: 0, Time elapsed: 0.007 sec - in org.junit.tests.experimental.theories.runner.WithExtendedParameterSources
Running org.junit.tests.experimental.theories.runner.WithNamedDataPoints
Tests run: 1, Failures: 0, Errors: 0, Skipped: 0, Time elapsed: 0 sec - in org.junit.tests.experimental.theories.runner.WithNamedDataPoints
Running org.junit.tests.experimental.theories.runner.WithOnlyTestAnnotations
Tests run: 4, Failures: 0, Errors: 0, Skipped: 0, Time elapsed: 0.01 sec - in org.junit.tests.experimental.theories.runner.WithOnlyTestAnnotations
Running org.junit.tests.experimental.theories.runner.WithParameterSupplier
Tests run: 4, Failures: 0, Errors: 0, Skipped: 0, Time elapsed: 0.004 sec - in org.junit.tests.experimental.theories.runner.WithParameterSupplier
Running org.junit.tests.experimental.theories.runner.WithUnresolvedGenericTypeVariablesOnTheoryParms
Tests run: 9, Failures: 0, Errors: 0, Skipped: 0, Time elapsed: 0.014 sec - in org.junit.tests.experimental.theories.runner.WithUnresolvedGenericTypeVariablesOnTheoryParms
Running org.junit.tests.experimental.theories.ParameterSignatureTest
Tests run: 5, Failures: 0, Errors: 0, Skipped: 0, Time elapsed: 0 sec - in org.junit.tests.experimental.theories.ParameterSignatureTest
Running org.junit.tests.experimental.theories.TestedOnSupplierTest
Tests run: 1, Failures: 0, Errors: 0, Skipped: 0, Time elapsed: 0 sec - in org.junit.tests.experimental.theories.TestedOnSupplierTest
Running org.junit.tests.experimental.theories.AssumingInTheoriesTest
Tests run: 2, Failures: 0, Errors: 0, Skipped: 0, Time elapsed: 0 sec - in org.junit.tests.experimental.theories.AssumingInTheoriesTest
Running org.junit.tests.experimental.theories.PotentialAssignmentTest
Tests run: 4, Failures: 0, Errors: 0, Skipped: 0, Time elapsed: 0.002 sec - in org.junit.tests.experimental.theories.PotentialAssignmentTest
Running org.junit.tests.experimental.AssumptionTest
Tests run: 20, Failures: 0, Errors: 0, Skipped: 0, Time elapsed: 0.005 sec - in org.junit.tests.experimental.AssumptionTest
Running org.junit.tests.experimental.MatcherTest
Tests run: 1, Failures: 0, Errors: 0, Skipped: 0, Time elapsed: 0.003 sec - in org.junit.tests.experimental.MatcherTest
Running org.junit.tests.experimental.theories.extendingwithstubs.StubbedTheoriesTest
Tests run: 1, Failures: 0, Errors: 0, Skipped: 0, Time elapsed: 0.007 sec - in org.junit.tests.experimental.theories.extendingwithstubs.StubbedTheoriesTest
Running org.junit.internal.builders.AnnotatedBuilderTest
Tests run: 6, Failures: 0, Errors: 0, Skipped: 0, Time elapsed: 0 sec - in org.junit.internal.builders.AnnotatedBuilderTest
Running org.junit.internal.ChecksTest
Tests run: 5, Failures: 0, Errors: 0, Skipped: 0, Time elapsed: 0 sec - in org.junit.internal.ChecksTest
Running org.junit.internal.runners.ErrorReportingRunnerTest
Tests run: 6, Failures: 0, Errors: 0, Skipped: 0, Time elapsed: 0 sec - in org.junit.internal.runners.ErrorReportingRunnerTest
Running org.junit.internal.runners.statements.ExpectExceptionTest
Tests run: 4, Failures: 0, Errors: 0, Skipped: 0, Time elapsed: 0 sec - in org.junit.internal.runners.statements.ExpectExceptionTest
Running org.junit.internal.runners.statements.FailOnTimeoutTest
Tests run: 20, Failures: 0, Errors: 0, Skipped: 3, Time elapsed: 2.25 sec - in org.junit.internal.runners.statements.FailOnTimeoutTest
Running org.junit.internal.MethodSorterTest
Tests run: 6, Failures: 0, Errors: 0, Skipped: 0, Time elapsed: 0.008 sec - in org.junit.internal.MethodSorterTest
Running org.junit.internal.matchers.StacktracePrintingMatcherTest
Tests run: 3, Failures: 0, Errors: 0, Skipped: 0, Time elapsed: 0.002 sec - in org.junit.internal.matchers.StacktracePrintingMatcherTest
Running org.junit.internal.StackTracesTest
Tests run: 9, Failures: 0, Errors: 0, Skipped: 0, Time elapsed: 0.031 sec - in org.junit.internal.StackTracesTest
Running org.junit.internal.matchers.ThrowableCauseMatcherTest
Tests run: 1, Failures: 0, Errors: 0, Skipped: 0, Time elapsed: 0.001 sec - in org.junit.internal.matchers.ThrowableCauseMatcherTest
Running org.junit.internal.ArrayComparisonFailureTest
Tests run: 2, Failures: 0, Errors: 0, Skipped: 0, Time elapsed: 0.017 sec - in org.junit.internal.ArrayComparisonFailureTest
Running org.junit.tests.junit3compatibility.AllTestsTest
Tests run: 5, Failures: 0, Errors: 0, Skipped: 0, Time elapsed: 0 sec - in org.junit.tests.junit3compatibility.AllTestsTest
Running org.junit.tests.junit3compatibility.ClassRequestTest
Tests run: 1, Failures: 0, Errors: 0, Skipped: 0, Time elapsed: 0 sec - in org.junit.tests.junit3compatibility.ClassRequestTest
Running org.junit.tests.junit3compatibility.ForwardCompatibilityPrintingTest
Tests run: 2, Failures: 0, Errors: 0, Skipped: 0, Time elapsed: 0.002 sec - in org.junit.tests.junit3compatibility.ForwardCompatibilityPrintingTest
Running org.junit.tests.junit3compatibility.ForwardCompatibilityTest
Tests run: 12, Failures: 0, Errors: 0, Skipped: 0, Time elapsed: 0.005 sec - in org.junit.tests.junit3compatibility.ForwardCompatibilityTest
Running org.junit.tests.junit3compatibility.InitializationErrorForwardCompatibilityTest
Tests run: 3, Failures: 0, Errors: 0, Skipped: 0, Time elapsed: 0.001 sec - in org.junit.tests.junit3compatibility.InitializationErrorForwardCompatibilityTest
Running org.junit.tests.junit3compatibility.JUnit38ClassRunnerTest
Tests run: 7, Failures: 0, Errors: 0, Skipped: 0, Time elapsed: 0.006 sec - in org.junit.tests.junit3compatibility.JUnit38ClassRunnerTest
Running org.junit.tests.junit3compatibility.JUnit4TestAdapterTest
Tests run: 3, Failures: 0, Errors: 0, Skipped: 0, Time elapsed: 0.007 sec - in org.junit.tests.junit3compatibility.JUnit4TestAdapterTest
Running org.junit.tests.junit3compatibility.OldTestClassAdaptingListenerTest
Tests run: 1, Failures: 0, Errors: 0, Skipped: 0, Time elapsed: 0.002 sec - in org.junit.tests.junit3compatibility.OldTestClassAdaptingListenerTest
Running junit.tests.framework.TestCaseTest
Tests run: 14, Failures: 0, Errors: 0, Skipped: 0, Time elapsed: 0.002 sec - in junit.tests.framework.TestCaseTest
Running junit.tests.framework.SuiteTest
Tests run: 11, Failures: 0, Errors: 0, Skipped: 0, Time elapsed: 0.008 sec - in junit.tests.framework.SuiteTest
Running junit.tests.framework.TestListenerTest
Tests run: 3, Failures: 0, Errors: 0, Skipped: 0, Time elapsed: 0 sec - in junit.tests.framework.TestListenerTest
Running junit.tests.framework.AssertionFailedErrorTest
Tests run: 3, Failures: 0, Errors: 0, Skipped: 0, Time elapsed: 0 sec - in junit.tests.framework.AssertionFailedErrorTest
Running junit.tests.framework.AssertTest
Tests run: 16, Failures: 0, Errors: 0, Skipped: 0, Time elapsed: 0.004 sec - in junit.tests.framework.AssertTest
Running junit.tests.framework.TestImplementorTest
Tests run: 1, Failures: 0, Errors: 0, Skipped: 0, Time elapsed: 0 sec - in junit.tests.framework.TestImplementorTest
Running junit.tests.framework.NoArgTestCaseTest
Tests run: 1, Failures: 0, Errors: 0, Skipped: 0, Time elapsed: 0 sec - in junit.tests.framework.NoArgTestCaseTest
Running junit.tests.framework.ComparisonCompactorTest
Tests run: 19, Failures: 0, Errors: 0, Skipped: 0, Time elapsed: 0.003 sec - in junit.tests.framework.ComparisonCompactorTest
Running junit.tests.framework.ComparisonFailureTest
Tests run: 4, Failures: 0, Errors: 0, Skipped: 0, Time elapsed: 0 sec - in junit.tests.framework.ComparisonFailureTest
Running junit.tests.framework.DoublePrecisionAssertTest
Tests run: 7, Failures: 0, Errors: 0, Skipped: 0, Time elapsed: 0 sec - in junit.tests.framework.DoublePrecisionAssertTest
Running junit.tests.framework.FloatAssertTest
Tests run: 8, Failures: 0, Errors: 0, Skipped: 0, Time elapsed: 0 sec - in junit.tests.framework.FloatAssertTest
Running junit.tests.runner.StackFilterTest
Tests run: 1, Failures: 0, Errors: 0, Skipped: 0, Time elapsed: 0 sec - in junit.tests.runner.StackFilterTest
Running junit.tests.runner.ResultTest
Tests run: 8, Failures: 0, Errors: 0, Skipped: 0, Time elapsed: 0.069 sec - in junit.tests.runner.ResultTest
Running junit.tests.runner.BaseTestRunnerTest
Tests run: 2, Failures: 0, Errors: 0, Skipped: 0, Time elapsed: 0 sec - in junit.tests.runner.BaseTestRunnerTest
Running junit.tests.runner.TextFeedbackTest
Tests run: 5, Failures: 0, Errors: 0, Skipped: 0, Time elapsed: 0.007 sec - in junit.tests.runner.TextFeedbackTest
Running junit.tests.runner.TextRunnerSingleMethodTest
Tests run: 1, Failures: 0, Errors: 0, Skipped: 0, Time elapsed: 0 sec - in junit.tests.runner.TextRunnerSingleMethodTest
Running junit.tests.runner.TextRunnerTest
Tests run: 4, Failures: 0, Errors: 0, Skipped: 0, Time elapsed: 0.622 sec - in junit.tests.runner.TextRunnerTest
Running junit.tests.extensions.ExtensionTest
Tests run: 4, Failures: 0, Errors: 0, Skipped: 0, Time elapsed: 0 sec - in junit.tests.extensions.ExtensionTest
Running junit.tests.extensions.ActiveTestTest
Tests run: 4, Failures: 0, Errors: 0, Skipped: 0, Time elapsed: 0.468 sec - in junit.tests.extensions.ActiveTestTest
Running junit.tests.extensions.RepeatedTestTest
Tests run: 4, Failures: 0, Errors: 0, Skipped: 0, Time elapsed: 0 sec - in junit.tests.extensions.RepeatedTestTest
Running org.junit.tests.junit3compatibility.SuiteMethodTest
Tests run: 5, Failures: 0, Errors: 0, Skipped: 0, Time elapsed: 0.002 sec - in org.junit.tests.junit3compatibility.SuiteMethodTest
Running org.junit.tests.listening.ListenerTest
Tests run: 1, Failures: 0, Errors: 0, Skipped: 0, Time elapsed: 0 sec - in org.junit.tests.listening.ListenerTest
Running org.junit.tests.listening.RunnerTest
Tests run: 3, Failures: 0, Errors: 0, Skipped: 0, Time elapsed: 0.001 sec - in org.junit.tests.listening.RunnerTest
Running org.junit.tests.listening.TestListenerTest
Tests run: 3, Failures: 0, Errors: 0, Skipped: 0, Time elapsed: 0.026 sec - in org.junit.tests.listening.TestListenerTest
Running org.junit.tests.listening.TextListenerTest
Tests run: 3, Failures: 0, Errors: 0, Skipped: 0, Time elapsed: 0.002 sec - in org.junit.tests.listening.TextListenerTest
Running org.junit.tests.listening.UserStopTest
Tests run: 2, Failures: 0, Errors: 0, Skipped: 0, Time elapsed: 0 sec - in org.junit.tests.listening.UserStopTest
Running org.junit.tests.manipulation.FilterableTest
Tests run: 1, Failures: 0, Errors: 0, Skipped: 0, Time elapsed: 0 sec - in org.junit.tests.manipulation.FilterableTest
Running org.junit.tests.manipulation.FilterTest
Tests run: 3, Failures: 0, Errors: 0, Skipped: 0, Time elapsed: 0.001 sec - in org.junit.tests.manipulation.FilterTest
Running org.junit.tests.manipulation.OrderableTest$UnOrderableRunnersAreHandledWithoutCrashing
Tests run: 1, Failures: 0, Errors: 0, Skipped: 0, Time elapsed: 0 sec - in org.junit.tests.manipulation.OrderableTest$UnOrderableRunnersAreHandledWithoutCrashing
Running org.junit.tests.manipulation.OrderableTest$TestClassRunnerIsOrderableWithSuiteMethod
Tests run: 2, Failures: 0, Errors: 0, Skipped: 0, Time elapsed: 0.002 sec - in org.junit.tests.manipulation.OrderableTest$TestClassRunnerIsOrderableWithSuiteMethod
Running org.junit.tests.manipulation.OrderableTest$TestOrderableClassRunnerIsSortable
Tests run: 2, Failures: 0, Errors: 0, Skipped: 0, Time elapsed: 0 sec - in org.junit.tests.manipulation.OrderableTest$TestOrderableClassRunnerIsSortable
Running org.junit.tests.manipulation.OrderableTest$TestClassRunnerIsOrderable
Tests run: 5, Failures: 0, Errors: 0, Skipped: 0, Time elapsed: 0 sec - in org.junit.tests.manipulation.OrderableTest$TestClassRunnerIsOrderable
Running org.junit.tests.manipulation.OrderWithTest$UnOrderableRunnersAreHandledWithoutCrashing
Tests run: 1, Failures: 0, Errors: 0, Skipped: 0, Time elapsed: 0 sec - in org.junit.tests.manipulation.OrderWithTest$UnOrderableRunnersAreHandledWithoutCrashing
Running org.junit.tests.manipulation.OrderWithTest$TestClassRunnerIsOrderableWithSuiteMethod
Tests run: 2, Failures: 0, Errors: 0, Skipped: 0, Time elapsed: 0 sec - in org.junit.tests.manipulation.OrderWithTest$TestClassRunnerIsOrderableWithSuiteMethod
Running org.junit.tests.manipulation.OrderWithTest$TestClassRunnerIsSortableViaOrderWith
Tests run: 2, Failures: 0, Errors: 0, Skipped: 0, Time elapsed: 0 sec - in org.junit.tests.manipulation.OrderWithTest$TestClassRunnerIsSortableViaOrderWith
Running org.junit.tests.manipulation.OrderWithTest$TestClassRunnerIsOrderableViaOrderWith
Tests run: 4, Failures: 0, Errors: 0, Skipped: 0, Time elapsed: 0 sec - in org.junit.tests.manipulation.OrderWithTest$TestClassRunnerIsOrderableViaOrderWith
Running org.junit.tests.manipulation.SingleMethodTest
Tests run: 8, Failures: 0, Errors: 0, Skipped: 0, Time elapsed: 0.001 sec - in org.junit.tests.manipulation.SingleMethodTest
Running org.junit.tests.manipulation.SortableTest$TestOnlySortableClassRunnerIsSortable
Tests run: 2, Failures: 0, Errors: 0, Skipped: 0, Time elapsed: 0.001 sec - in org.junit.tests.manipulation.SortableTest$TestOnlySortableClassRunnerIsSortable
Running org.junit.tests.manipulation.SortableTest$UnsortableRunnersAreHandledWithoutCrashing
Tests run: 1, Failures: 0, Errors: 0, Skipped: 0, Time elapsed: 0 sec - in org.junit.tests.manipulation.SortableTest$UnsortableRunnersAreHandledWithoutCrashing
Running org.junit.tests.manipulation.SortableTest$TestClassRunnerIsSortableWithSuiteMethod
Tests run: 2, Failures: 0, Errors: 0, Skipped: 0, Time elapsed: 0 sec - in org.junit.tests.manipulation.SortableTest$TestClassRunnerIsSortableWithSuiteMethod
Running org.junit.tests.manipulation.SortableTest$TestClassRunnerIsSortable
Tests run: 5, Failures: 0, Errors: 0, Skipped: 0, Time elapsed: 0.001 sec - in org.junit.tests.manipulation.SortableTest$TestClassRunnerIsSortable
Running org.junit.rules.BlockJUnit4ClassRunnerOverrideTest
Tests run: 4, Failures: 0, Errors: 0, Skipped: 0, Time elapsed: 0.006 sec - in org.junit.rules.BlockJUnit4ClassRunnerOverrideTest
Running org.junit.rules.ClassRulesTest
Tests run: 12, Failures: 0, Errors: 0, Skipped: 0, Time elapsed: 0.006 sec - in org.junit.rules.ClassRulesTest
Running org.junit.rules.DisableOnDebugTest
Tests run: 8, Failures: 0, Errors: 0, Skipped: 0, Time elapsed: 0.003 sec - in org.junit.rules.DisableOnDebugTest
Running org.junit.rules.ErrorCollectorTest
Tests run: 18, Failures: 0, Errors: 0, Skipped: 0, Time elapsed: 0.009 sec - in org.junit.rules.ErrorCollectorTest
Running org.junit.rules.ExpectedExceptionTest
Tests run: 23, Failures: 0, Errors: 0, Skipped: 0, Time elapsed: 0.014 sec - in org.junit.rules.ExpectedExceptionTest
Running org.junit.rules.ExternalResourceRuleTest
Tests run: 4, Failures: 0, Errors: 0, Skipped: 0, Time elapsed: 0.001 sec - in org.junit.rules.ExternalResourceRuleTest
Running org.junit.rules.MethodRulesTest
Tests run: 15, Failures: 0, Errors: 0, Skipped: 0, Time elapsed: 0.016 sec - in org.junit.rules.MethodRulesTest
Running org.junit.rules.NameRulesTest$BeforeAndAfterTest
Tests run: 1, Failures: 0, Errors: 0, Skipped: 0, Time elapsed: 0 sec - in org.junit.rules.NameRulesTest$BeforeAndAfterTest
Running org.junit.rules.NameRulesTest$TestNames
Tests run: 2, Failures: 0, Errors: 0, Skipped: 0, Time elapsed: 0 sec - in org.junit.rules.NameRulesTest$TestNames
Running org.junit.rules.RuleChainTest
Tests run: 3, Failures: 0, Errors: 0, Skipped: 0, Time elapsed: 0 sec - in org.junit.rules.RuleChainTest
Running org.junit.rules.RuleMemberValidatorTest
Tests run: 21, Failures: 0, Errors: 0, Skipped: 0, Time elapsed: 0 sec - in org.junit.rules.RuleMemberValidatorTest
Running org.junit.rules.StopwatchTest
Tests run: 5, Failures: 0, Errors: 0, Skipped: 0, Time elapsed: 0.001 sec - in org.junit.rules.StopwatchTest
Running org.junit.rules.TempFolderRuleTest
Tests run: 10, Failures: 0, Errors: 0, Skipped: 0, Time elapsed: 0.019 sec - in org.junit.rules.TempFolderRuleTest
Running org.junit.rules.TemporaryFolderRuleAssuredDeletionTest
Tests run: 2, Failures: 0, Errors: 0, Skipped: 0, Time elapsed: 0.003 sec - in org.junit.rules.TemporaryFolderRuleAssuredDeletionTest
Running org.junit.rules.TemporaryFolderUsageTest
Tests run: 24, Failures: 0, Errors: 0, Skipped: 0, Time elapsed: 0.007 sec - in org.junit.rules.TemporaryFolderUsageTest
Running org.junit.rules.TestRuleTest
Tests run: 25, Failures: 0, Errors: 0, Skipped: 0, Time elapsed: 0.016 sec - in org.junit.rules.TestRuleTest
Running org.junit.rules.TestWatcherTest$InterplayWithOtherRules
Tests run: 2, Failures: 0, Errors: 0, Skipped: 0, Time elapsed: 0 sec - in org.junit.rules.TestWatcherTest$InterplayWithOtherRules
Running org.junit.rules.TestWatcherTest$CallbackArguments
Tests run: 6, Failures: 0, Errors: 0, Skipped: 0, Time elapsed: 0.004 sec - in org.junit.rules.TestWatcherTest$CallbackArguments
Running org.junit.rules.TestWatcherTest$Callbacks
Tests run: 12, Failures: 0, Errors: 0, Skipped: 0, Time elapsed: 0.01 sec - in org.junit.rules.TestWatcherTest$Callbacks
Running org.junit.rules.TestWatchmanTest
Tests run: 4, Failures: 0, Errors: 0, Skipped: 0, Time elapsed: 0 sec - in org.junit.rules.TestWatchmanTest
Running org.junit.rules.TimeoutRuleTest
Tests run: 3, Failures: 0, Errors: 0, Skipped: 0, Time elapsed: 2.507 sec - in org.junit.rules.TimeoutRuleTest
Running org.junit.rules.VerifierRuleTest
Tests run: 1, Failures: 0, Errors: 0, Skipped: 0, Time elapsed: 0 sec - in org.junit.rules.VerifierRuleTest
Running org.junit.runners.model.FrameworkFieldTest
Tests run: 4, Failures: 0, Errors: 0, Skipped: 0, Time elapsed: 0 sec - in org.junit.runners.model.FrameworkFieldTest
Running org.junit.runners.model.FrameworkMethodTest
Tests run: 4, Failures: 0, Errors: 0, Skipped: 0, Time elapsed: 0 sec - in org.junit.runners.model.FrameworkMethodTest
Running org.junit.runners.model.InvalidTestClassErrorTest
Tests run: 1, Failures: 0, Errors: 0, Skipped: 0, Time elapsed: 0 sec - in org.junit.runners.model.InvalidTestClassErrorTest
Running org.junit.runners.model.TestClassTest
Tests run: 20, Failures: 0, Errors: 0, Skipped: 0, Time elapsed: 0.007 sec - in org.junit.runners.model.TestClassTest
Running org.junit.runners.parameterized.BlockJUnit4ClassRunnerWithParametersTest
Tests run: 2, Failures: 0, Errors: 0, Skipped: 0, Time elapsed: 0.001 sec - in org.junit.runners.parameterized.BlockJUnit4ClassRunnerWithParametersTest
Running org.junit.runners.parameterized.ParameterizedNamesTest
Tests run: 1, Failures: 0, Errors: 0, Skipped: 0, Time elapsed: 0.002 sec - in org.junit.runners.parameterized.ParameterizedNamesTest
Running org.junit.runners.parameterized.TestWithParametersTest
Tests run: 12, Failures: 0, Errors: 0, Skipped: 0, Time elapsed: 0 sec - in org.junit.runners.parameterized.TestWithParametersTest
Running org.junit.runners.RuleContainerTest
Tests run: 4, Failures: 0, Errors: 0, Skipped: 0, Time elapsed: 0 sec - in org.junit.runners.RuleContainerTest
Running org.junit.runners.CustomBlockJUnit4ClassRunnerTest
Tests run: 1, Failures: 0, Errors: 0, Skipped: 0, Time elapsed: 0.001 sec - in org.junit.runners.CustomBlockJUnit4ClassRunnerTest
Running org.junit.runner.notification.ConcurrentRunNotifierTest
Tests run: 3, Failures: 0, Errors: 0, Skipped: 0, Time elapsed: 0.023 sec - in org.junit.runner.notification.ConcurrentRunNotifierTest
Running org.junit.runner.notification.RunNotifierTest
Tests run: 8, Failures: 0, Errors: 0, Skipped: 0, Time elapsed: 0.001 sec - in org.junit.runner.notification.RunNotifierTest
Running org.junit.runner.notification.SynchronizedRunListenerTest
Tests run: 5, Failures: 0, Errors: 0, Skipped: 0, Time elapsed: 0.002 sec - in org.junit.runner.notification.SynchronizedRunListenerTest
Running org.junit.runner.FilterFactoriesTest
Tests run: 6, Failures: 0, Errors: 0, Skipped: 0, Time elapsed: 0.003 sec - in org.junit.runner.FilterFactoriesTest
Running org.junit.runner.FilterOptionIntegrationTest
Tests run: 4, Failures: 0, Errors: 0, Skipped: 0, Time elapsed: 0.004 sec - in org.junit.runner.FilterOptionIntegrationTest
Running org.junit.runner.OrderWithValidatorTest
Tests run: 2, Failures: 0, Errors: 0, Skipped: 0, Time elapsed: 0.001 sec - in org.junit.runner.OrderWithValidatorTest
Running org.junit.runner.JUnitCommandLineParseResultTest
Tests run: 10, Failures: 0, Errors: 0, Skipped: 0, Time elapsed: 0.002 sec - in org.junit.runner.JUnitCommandLineParseResultTest
Running org.junit.runner.JUnitCoreTest
Tests run: 1, Failures: 0, Errors: 0, Skipped: 0, Time elapsed: 0 sec - in org.junit.runner.JUnitCoreTest
Running org.junit.runner.RequestTest
Tests run: 2, Failures: 0, Errors: 0, Skipped: 0, Time elapsed: 0 sec - in org.junit.runner.RequestTest
Running org.junit.tests.running.classes.BlockJUnit4ClassRunnerTest
Tests run: 2, Failures: 0, Errors: 0, Skipped: 0, Time elapsed: 0 sec - in org.junit.tests.running.classes.BlockJUnit4ClassRunnerTest
Running org.junit.tests.running.classes.ClassLevelMethodsWithIgnoredTestsTest
Tests run: 5, Failures: 0, Errors: 0, Skipped: 0, Time elapsed: 0.001 sec - in org.junit.tests.running.classes.ClassLevelMethodsWithIgnoredTestsTest
Running org.junit.tests.running.classes.EnclosedTest
Tests run: 3, Failures: 0, Errors: 0, Skipped: 0, Time elapsed: 0.001 sec - in org.junit.tests.running.classes.EnclosedTest
Running org.junit.tests.running.classes.IgnoreClassTest
Tests run: 1, Failures: 0, Errors: 0, Skipped: 0, Time elapsed: 0 sec - in org.junit.tests.running.classes.IgnoreClassTest
Running org.junit.tests.running.classes.ParameterizedTestTest
Tests run: 28, Failures: 0, Errors: 0, Skipped: 0, Time elapsed: 0.026 sec - in org.junit.tests.running.classes.ParameterizedTestTest
Running org.junit.tests.running.classes.ParentRunnerFilteringTest
Tests run: 5, Failures: 0, Errors: 0, Skipped: 0, Time elapsed: 0.002 sec - in org.junit.tests.running.classes.ParentRunnerFilteringTest
Running org.junit.tests.running.classes.ParentRunnerTest
Tests run: 8, Failures: 0, Errors: 0, Skipped: 0, Time elapsed: 0.004 sec - in org.junit.tests.running.classes.ParentRunnerTest
Running org.junit.tests.running.classes.parent.ParentRunnerClassLoaderTest
Tests run: 3, Failures: 0, Errors: 0, Skipped: 0, Time elapsed: 0.002 sec - in org.junit.tests.running.classes.parent.ParentRunnerClassLoaderTest
Running org.junit.tests.running.classes.RunWithTest
Tests run: 3, Failures: 0, Errors: 0, Skipped: 0, Time elapsed: 0.001 sec - in org.junit.tests.running.classes.RunWithTest
Running org.junit.tests.running.classes.SuiteTest
Tests run: 15, Failures: 0, Errors: 0, Skipped: 0, Time elapsed: 0.008 sec - in org.junit.tests.running.classes.SuiteTest
Running org.junit.tests.running.classes.UseSuiteAsASuperclassTest
Tests run: 1, Failures: 0, Errors: 0, Skipped: 0, Time elapsed: 0 sec - in org.junit.tests.running.classes.UseSuiteAsASuperclassTest
Running org.junit.tests.running.classes.ThreadsTest
Tests run: 2, Failures: 0, Errors: 0, Skipped: 0, Time elapsed: 0 sec - in org.junit.tests.running.classes.ThreadsTest
Running org.junit.tests.running.core.CommandLineTest
Tests run: 4, Failures: 0, Errors: 0, Skipped: 0, Time elapsed: 0 sec - in org.junit.tests.running.core.CommandLineTest
Running org.junit.tests.running.core.JUnitCoreReturnsCorrectExitCodeTest
Tests run: 3, Failures: 0, Errors: 0, Skipped: 0, Time elapsed: 0 sec - in org.junit.tests.running.core.JUnitCoreReturnsCorrectExitCodeTest
Running org.junit.tests.running.core.SystemExitTest
Tests run: 1, Failures: 0, Errors: 0, Skipped: 0, Time elapsed: 0.138 sec - in org.junit.tests.running.core.SystemExitTest
Running org.junit.tests.running.methods.AnnotationTest
Tests run: 30, Failures: 0, Errors: 0, Skipped: 0, Time elapsed: 0.02 sec - in org.junit.tests.running.methods.AnnotationTest
Running org.junit.tests.running.methods.ExpectedTest
Tests run: 5, Failures: 0, Errors: 0, Skipped: 0, Time elapsed: 0.001 sec - in org.junit.tests.running.methods.ExpectedTest
Running org.junit.tests.running.methods.InheritedTestTest
Tests run: 2, Failures: 0, Errors: 0, Skipped: 0, Time elapsed: 0 sec - in org.junit.tests.running.methods.InheritedTestTest
Running org.junit.tests.running.methods.ParameterizedTestMethodTest
Tests run: 3, Failures: 0, Errors: 0, Skipped: 0, Time elapsed: 0.001 sec - in org.junit.tests.running.methods.ParameterizedTestMethodTest
Running org.junit.tests.running.methods.TestMethodTest
Tests run: 8, Failures: 0, Errors: 0, Skipped: 0, Time elapsed: 0.002 sec - in org.junit.tests.running.methods.TestMethodTest
Running org.junit.tests.running.methods.TimeoutTest
Tests run: 13, Failures: 0, Errors: 0, Skipped: 2, Time elapsed: 2.442 sec - in org.junit.tests.running.methods.TimeoutTest
Running org.junit.samples.ListTest
Tests run: 5, Failures: 0, Errors: 0, Skipped: 0, Time elapsed: 0 sec - in org.junit.samples.ListTest
Running org.junit.samples.money.MoneyTest
Tests run: 23, Failures: 0, Errors: 0, Skipped: 0, Time elapsed: 0 sec - in org.junit.samples.money.MoneyTest
Running org.junit.tests.validation.BadlyFormedClassesTest
Tests run: 3, Failures: 0, Errors: 0, Skipped: 0, Time elapsed: 0.001 sec - in org.junit.tests.validation.BadlyFormedClassesTest
Running org.junit.tests.validation.FailedConstructionTest
Tests run: 1, Failures: 0, Errors: 0, Skipped: 0, Time elapsed: 0 sec - in org.junit.tests.validation.FailedConstructionTest
Running org.junit.tests.validation.ValidationTest
Tests run: 2, Failures: 0, Errors: 0, Skipped: 0, Time elapsed: 0 sec - in org.junit.tests.validation.ValidationTest
Running org.junit.validator.AnnotationsValidatorTest
Tests run: 3, Failures: 0, Errors: 0, Skipped: 0, Time elapsed: 0.002 sec - in org.junit.validator.AnnotationsValidatorTest
Running org.junit.validator.AnnotationValidatorFactoryTest
Tests run: 2, Failures: 0, Errors: 0, Skipped: 0, Time elapsed: 0 sec - in org.junit.validator.AnnotationValidatorFactoryTest
Running org.junit.validator.PublicClassValidatorTest
Tests run: 2, Failures: 0, Errors: 0, Skipped: 0, Time elapsed: 0.001 sec - in org.junit.validator.PublicClassValidatorTest
Running org.junit.AssumptionViolatedExceptionTest
Tests run: 14, Failures: 0, Errors: 0, Skipped: 0, Time elapsed: 0.136 sec - in org.junit.AssumptionViolatedExceptionTest
Running org.junit.tests.ObjectContractTest
Tests run: 2, Failures: 0, Errors: 0, Skipped: 0, Time elapsed: 0.001 sec - in org.junit.tests.ObjectContractTest

Results :

Tests run: 1108, Failures: 0, Errors: 0, Skipped: 6

[INFO] 
[INFO] --- animal-sniffer:1.14:check (signature-check) @ junit ---
Downloading from central: https://repo.maven.apache.org/maven2/org/codehaus/mojo/animal-sniffer/1.14/animal-sniffer-1.14.pom
Progress (1): 2.3 kB                    Downloaded from central: https://repo.maven.apache.org/maven2/org/codehaus/mojo/animal-sniffer/1.14/animal-sniffer-1.14.pom (2.3 kB at 6.0 kB/s)
Downloading from central: https://repo.maven.apache.org/maven2/org/ow2/asm/asm-all/5.0.3/asm-all-5.0.3.pom
Progress (1): 2.0 kB                    Downloaded from central: https://repo.maven.apache.org/maven2/org/ow2/asm/asm-all/5.0.3/asm-all-5.0.3.pom (2.0 kB at 7.8 kB/s)
Downloading from central: https://repo.maven.apache.org/maven2/org/ow2/asm/asm-parent/5.0.3/asm-parent-5.0.3.pom
Progress (1): 5.5 kB                    Downloaded from central: https://repo.maven.apache.org/maven2/org/ow2/asm/asm-parent/5.0.3/asm-parent-5.0.3.pom (5.5 kB at 611 kB/s)
Downloading from central: https://repo.maven.apache.org/maven2/org/ow2/ow2/1.3/ow2-1.3.pom
Progress (1): 9.5 kB                    Downloaded from central: https://repo.maven.apache.org/maven2/org/ow2/ow2/1.3/ow2-1.3.pom (9.5 kB at 1.4 MB/s)
Downloading from central: https://repo.maven.apache.org/maven2/org/codehaus/mojo/java-boot-classpath-detector/1.14/java-boot-classpath-detector-1.14.pom
Progress (1): 2.4 kB                    Downloaded from central: https://repo.maven.apache.org/maven2/org/codehaus/mojo/java-boot-classpath-detector/1.14/java-boot-classpath-detector-1.14.pom (2.4 kB at 9.7 kB/s)
Downloading from central: https://repo.maven.apache.org/maven2/org/apache/maven/maven-plugin-api/2.0.1/maven-plugin-api-2.0.1.pom
Progress (1): 643 B                   Downloaded from central: https://repo.maven.apache.org/maven2/org/apache/maven/maven-plugin-api/2.0.1/maven-plugin-api-2.0.1.pom (643 B at 80 kB/s)
Downloading from central: https://repo.maven.apache.org/maven2/org/apache/maven/maven/2.0.1/maven-2.0.1.pom
Progress (1): 11 kB                   Downloaded from central: https://repo.maven.apache.org/maven2/org/apache/maven/maven/2.0.1/maven-2.0.1.pom (11 kB at 958 kB/s)
Downloading from central: https://repo.maven.apache.org/maven2/org/apache/maven/maven-core/2.0.1/maven-core-2.0.1.pom
Progress (1): 5.2 kB                    Downloaded from central: https://repo.maven.apache.org/maven2/org/apache/maven/maven-core/2.0.1/maven-core-2.0.1.pom (5.2 kB at 21 kB/s)
Downloading from central: https://repo.maven.apache.org/maven2/org/apache/maven/maven-settings/2.0.1/maven-settings-2.0.1.pom
Progress (1): 1.4 kB                    Downloaded from central: https://repo.maven.apache.org/maven2/org/apache/maven/maven-settings/2.0.1/maven-settings-2.0.1.pom (1.4 kB at 5.8 kB/s)
Downloading from central: https://repo.maven.apache.org/maven2/org/apache/maven/maven-model/2.0.1/maven-model-2.0.1.pom
Progress (1): 2.5 kB                    Downloaded from central: https://repo.maven.apache.org/maven2/org/apache/maven/maven-model/2.0.1/maven-model-2.0.1.pom (2.5 kB at 318 kB/s)
Downloading from central: https://repo.maven.apache.org/maven2/org/codehaus/plexus/plexus-utils/1.0.5/plexus-utils-1.0.5.pom
Progress (1): 918 B                   Downloaded from central: https://repo.maven.apache.org/maven2/org/codehaus/plexus/plexus-utils/1.0.5/plexus-utils-1.0.5.pom (918 B at 102 kB/s)
Downloading from central: https://repo.maven.apache.org/maven2/org/apache/maven/maven-plugin-parameter-documenter/2.0.1/maven-plugin-parameter-documenter-2.0.1.pom
Progress (1): 1.6 kB                    Downloaded from central: https://repo.maven.apache.org/maven2/org/apache/maven/maven-plugin-parameter-documenter/2.0.1/maven-plugin-parameter-documenter-2.0.1.pom (1.6 kB at 6.4 kB/s)
Downloading from central: https://repo.maven.apache.org/maven2/org/apache/maven/reporting/maven-reporting-api/2.0.1/maven-reporting-api-2.0.1.pom
Progress (1): 902 B                   Downloaded from central: https://repo.maven.apache.org/maven2/org/apache/maven/reporting/maven-reporting-api/2.0.1/maven-reporting-api-2.0.1.pom (902 B at 3.7 kB/s)
Downloading from central: https://repo.maven.apache.org/maven2/org/apache/maven/reporting/maven-reporting/2.0.1/maven-reporting-2.0.1.pom
Progress (1): 546 B                   Downloaded from central: https://repo.maven.apache.org/maven2/org/apache/maven/reporting/maven-reporting/2.0.1/maven-reporting-2.0.1.pom (546 B at 2.3 kB/s)
Downloading from central: https://repo.maven.apache.org/maven2/org/apache/maven/doxia/doxia-sink-api/1.0-alpha-6/doxia-sink-api-1.0-alpha-6.pom
Progress (1): 386 B                   Downloaded from central: https://repo.maven.apache.org/maven2/org/apache/maven/doxia/doxia-sink-api/1.0-alpha-6/doxia-sink-api-1.0-alpha-6.pom (386 B at 1.5 kB/s)
Downloading from central: https://repo.maven.apache.org/maven2/org/apache/maven/doxia/doxia/1.0-alpha-6/doxia-1.0-alpha-6.pom
Progress (1): 3.8 kB                    Downloaded from central: https://repo.maven.apache.org/maven2/org/apache/maven/doxia/doxia/1.0-alpha-6/doxia-1.0-alpha-6.pom (3.8 kB at 15 kB/s)
Downloading from central: https://repo.maven.apache.org/maven2/org/apache/maven/maven-profile/2.0.1/maven-profile-2.0.1.pom
Progress (1): 1.5 kB                    Downloaded from central: https://repo.maven.apache.org/maven2/org/apache/maven/maven-profile/2.0.1/maven-profile-2.0.1.pom (1.5 kB at 146 kB/s)
Downloading from central: https://repo.maven.apache.org/maven2/org/apache/maven/maven-artifact/2.0.1/maven-artifact-2.0.1.pom
Progress (1): 765 B                   Downloaded from central: https://repo.maven.apache.org/maven2/org/apache/maven/maven-artifact/2.0.1/maven-artifact-2.0.1.pom (765 B at 109 kB/s)
Downloading from central: https://repo.maven.apache.org/maven2/org/apache/maven/maven-repository-metadata/2.0.1/maven-repository-metadata-2.0.1.pom
Progress (1): 1.3 kB                    Downloaded from central: https://repo.maven.apache.org/maven2/org/apache/maven/maven-repository-metadata/2.0.1/maven-repository-metadata-2.0.1.pom (1.3 kB at 187 kB/s)
Downloading from central: https://repo.maven.apache.org/maven2/org/apache/maven/maven-error-diagnostics/2.0.1/maven-error-diagnostics-2.0.1.pom
Progress (1): 854 B                   Downloaded from central: https://repo.maven.apache.org/maven2/org/apache/maven/maven-error-diagnostics/2.0.1/maven-error-diagnostics-2.0.1.pom (854 B at 3.5 kB/s)
Downloading from central: https://repo.maven.apache.org/maven2/org/apache/maven/maven-project/2.0.1/maven-project-2.0.1.pom
Progress (1): 1.7 kB                    Downloaded from central: https://repo.maven.apache.org/maven2/org/apache/maven/maven-project/2.0.1/maven-project-2.0.1.pom (1.7 kB at 211 kB/s)
Downloading from central: https://repo.maven.apache.org/maven2/org/apache/maven/maven-artifact-manager/2.0.1/maven-artifact-manager-2.0.1.pom
Progress (1): 1.4 kB                    Downloaded from central: https://repo.maven.apache.org/maven2/org/apache/maven/maven-artifact-manager/2.0.1/maven-artifact-manager-2.0.1.pom (1.4 kB at 155 kB/s)
Downloading from central: https://repo.maven.apache.org/maven2/org/apache/maven/maven-plugin-registry/2.0.1/maven-plugin-registry-2.0.1.pom
Progress (1): 1.4 kB                    Downloaded from central: https://repo.maven.apache.org/maven2/org/apache/maven/maven-plugin-registry/2.0.1/maven-plugin-registry-2.0.1.pom (1.4 kB at 5.7 kB/s)
Downloading from central: https://repo.maven.apache.org/maven2/org/apache/maven/maven-plugin-descriptor/2.0.1/maven-plugin-descriptor-2.0.1.pom
Progress (1): 1.5 kB                    Downloaded from central: https://repo.maven.apache.org/maven2/org/apache/maven/maven-plugin-descriptor/2.0.1/maven-plugin-descriptor-2.0.1.pom (1.5 kB at 6.1 kB/s)
Downloading from central: https://repo.maven.apache.org/maven2/org/apache/maven/maven-monitor/2.0.1/maven-monitor-2.0.1.pom
Progress (1): 442 B                   Downloaded from central: https://repo.maven.apache.org/maven2/org/apache/maven/maven-monitor/2.0.1/maven-monitor-2.0.1.pom (442 B at 1.8 kB/s)
Downloading from central: https://repo.maven.apache.org/maven2/org/apache/maven/maven-artifact/2.0.8/maven-artifact-2.0.8.pom
Progress (1): 1.6 kB                    Downloaded from central: https://repo.maven.apache.org/maven2/org/apache/maven/maven-artifact/2.0.8/maven-artifact-2.0.8.pom (1.6 kB at 202 kB/s)
Downloading from central: https://repo.maven.apache.org/maven2/org/codehaus/plexus/plexus-utils/1.4.6/plexus-utils-1.4.6.pom
Progress (1): 2.3 kB                    Downloaded from central: https://repo.maven.apache.org/maven2/org/codehaus/plexus/plexus-utils/1.4.6/plexus-utils-1.4.6.pom (2.3 kB at 252 kB/s)
Downloading from central: https://repo.maven.apache.org/maven2/org/apache/maven/maven-project/2.0.8/maven-project-2.0.8.pom
Progress (1): 2.7 kB                    Downloaded from central: https://repo.maven.apache.org/maven2/org/apache/maven/maven-project/2.0.8/maven-project-2.0.8.pom (2.7 kB at 339 kB/s)
Downloading from central: https://repo.maven.apache.org/maven2/org/apache/maven/maven-settings/2.0.8/maven-settings-2.0.8.pom
Progress (1): 2.1 kB                    Downloaded from central: https://repo.maven.apache.org/maven2/org/apache/maven/maven-settings/2.0.8/maven-settings-2.0.8.pom (2.1 kB at 257 kB/s)
Downloading from central: https://repo.maven.apache.org/maven2/org/apache/maven/maven-profile/2.0.8/maven-profile-2.0.8.pom
Progress (1): 2.0 kB                    Downloaded from central: https://repo.maven.apache.org/maven2/org/apache/maven/maven-profile/2.0.8/maven-profile-2.0.8.pom (2.0 kB at 291 kB/s)
Downloading from central: https://repo.maven.apache.org/maven2/org/apache/maven/maven-artifact-manager/2.0.8/maven-artifact-manager-2.0.8.pom
Progress (1): 2.7 kB                    Downloaded from central: https://repo.maven.apache.org/maven2/org/apache/maven/maven-artifact-manager/2.0.8/maven-artifact-manager-2.0.8.pom (2.7 kB at 300 kB/s)
Downloading from central: https://repo.maven.apache.org/maven2/org/apache/maven/maven-repository-metadata/2.0.8/maven-repository-metadata-2.0.8.pom
Progress (1): 1.9 kB                    Downloaded from central: https://repo.maven.apache.org/maven2/org/apache/maven/maven-repository-metadata/2.0.8/maven-repository-metadata-2.0.8.pom (1.9 kB at 238 kB/s)
Downloading from central: https://repo.maven.apache.org/maven2/org/apache/maven/maven-plugin-registry/2.0.8/maven-plugin-registry-2.0.8.pom
Progress (1): 2.0 kB                    Downloaded from central: https://repo.maven.apache.org/maven2/org/apache/maven/maven-plugin-registry/2.0.8/maven-plugin-registry-2.0.8.pom (2.0 kB at 250 kB/s)
Downloading from central: https://repo.maven.apache.org/maven2/org/codehaus/plexus/plexus-utils/2.1/plexus-utils-2.1.pom
Progress (1): 4.0 kB                    Downloaded from central: https://repo.maven.apache.org/maven2/org/codehaus/plexus/plexus-utils/2.1/plexus-utils-2.1.pom (4.0 kB at 576 kB/s)
Downloading from central: https://repo.maven.apache.org/maven2/org/sonatype/spice/spice-parent/16/spice-parent-16.pom
Progress (1): 8.4 kB                    Downloaded from central: https://repo.maven.apache.org/maven2/org/sonatype/spice/spice-parent/16/spice-parent-16.pom (8.4 kB at 929 kB/s)
Downloading from central: https://repo.maven.apache.org/maven2/org/codehaus/plexus/plexus-utils/1.5.6/plexus-utils-1.5.6.pom
Progress (1): 5.3 kB                    Downloaded from central: https://repo.maven.apache.org/maven2/org/codehaus/plexus/plexus-utils/1.5.6/plexus-utils-1.5.6.pom (5.3 kB at 589 kB/s)
Downloading from central: https://repo.maven.apache.org/maven2/org/codehaus/plexus/plexus/1.0.12/plexus-1.0.12.pom
Progress (1): 9.8 kB                    Downloaded from central: https://repo.maven.apache.org/maven2/org/codehaus/plexus/plexus/1.0.12/plexus-1.0.12.pom (9.8 kB at 817 kB/s)
Downloading from central: https://repo.maven.apache.org/maven2/org/codehaus/mojo/animal-sniffer/1.14/animal-sniffer-1.14.jar
Progress (1): 16/34 kBProgress (1): 33/34 kBProgress (1): 34 kB                      Downloaded from central: https://repo.maven.apache.org/maven2/org/codehaus/mojo/animal-sniffer/1.14/animal-sniffer-1.14.jar (34 kB at 134 kB/s)
Downloading from central: https://repo.maven.apache.org/maven2/org/ow2/asm/asm-all/5.0.3/asm-all-5.0.3.jar
Downloading from central: https://repo.maven.apache.org/maven2/org/codehaus/mojo/java-boot-classpath-detector/1.14/java-boot-classpath-detector-1.14.jar
Downloading from central: https://repo.maven.apache.org/maven2/org/apache/maven/maven-plugin-api/2.0.1/maven-plugin-api-2.0.1.jar
Downloading from central: https://repo.maven.apache.org/maven2/org/apache/maven/maven-core/2.0.1/maven-core-2.0.1.jar
Downloading from central: https://repo.maven.apache.org/maven2/org/apache/maven/maven-settings/2.0.1/maven-settings-2.0.1.jar
Progress (1): 8.2 kB                    Downloaded from central: https://repo.maven.apache.org/maven2/org/apache/maven/maven-plugin-api/2.0.1/maven-plugin-api-2.0.1.jar (8.2 kB at 916 kB/s)
Downloading from central: https://repo.maven.apache.org/maven2/org/apache/maven/maven-plugin-parameter-documenter/2.0.1/maven-plugin-parameter-documenter-2.0.1.jar
Progress (1): 16/44 kBProgress (1): 32/44 kBProgress (1): 44 kB                      Downloaded from central: https://repo.maven.apache.org/maven2/org/apache/maven/maven-settings/2.0.1/maven-settings-2.0.1.jar (44 kB at 177 kB/s)
Downloading from central: https://repo.maven.apache.org/maven2/org/apache/maven/reporting/maven-reporting-api/2.0.1/maven-reporting-api-2.0.1.jar
Progress (1): 5.0 kB                    Downloaded from central: https://repo.maven.apache.org/maven2/org/codehaus/mojo/java-boot-classpath-detector/1.14/java-boot-classpath-detector-1.14.jar (5.0 kB at 20 kB/s)
Downloading from central: https://repo.maven.apache.org/maven2/org/apache/maven/doxia/doxia-sink-api/1.0-alpha-6/doxia-sink-api-1.0-alpha-6.jar
Progress (1): 16 kB                   Downloaded from central: https://repo.maven.apache.org/maven2/org/apache/maven/maven-plugin-parameter-documenter/2.0.1/maven-plugin-parameter-documenter-2.0.1.jar (16 kB at 65 kB/s)
Downloading from central: https://repo.maven.apache.org/maven2/org/apache/maven/maven-profile/2.0.1/maven-profile-2.0.1.jar
Progress (1): 5.5 kB                    Downloaded from central: https://repo.maven.apache.org/maven2/org/apache/maven/reporting/maven-reporting-api/2.0.1/maven-reporting-api-2.0.1.jar (5.5 kB at 21 kB/s)
Downloading from central: https://repo.maven.apache.org/maven2/org/apache/maven/maven-model/2.0.1/maven-model-2.0.1.jar
Progress (1): 16/134 kBProgress (1): 33/134 kBProgress (1): 49/134 kBProgress (1): 66/134 kBProgress (2): 66/134 kB | 16/30 kBProgress (2): 66/134 kB | 30 kB   Progress (2): 82/134 kB | 30 kB                               Downloaded from central: https://repo.maven.apache.org/maven2/org/apache/maven/maven-profile/2.0.1/maven-profile-2.0.1.jar (30 kB at 113 kB/s)
Downloading from central: https://repo.maven.apache.org/maven2/org/apache/maven/maven-repository-metadata/2.0.1/maven-repository-metadata-2.0.1.jar
Progress (1): 98/134 kBProgress (1): 115/134 kBProgress (1): 131/134 kBProgress (1): 134 kB    Progress (2): 134 kB | 16/80 kBProgress (2): 134 kB | 33/80 kBProgress (2): 134 kB | 49/80 kBProgress (2): 134 kB | 66/80 kB                               Downloaded from central: https://repo.maven.apache.org/maven2/org/apache/maven/maven-core/2.0.1/maven-core-2.0.1.jar (134 kB at 489 kB/s)
Downloading from central: https://repo.maven.apache.org/maven2/org/apache/maven/maven-error-diagnostics/2.0.1/maven-error-diagnostics-2.0.1.jar
Progress (1): 80 kB                   Downloaded from central: https://repo.maven.apache.org/maven2/org/apache/maven/maven-model/2.0.1/maven-model-2.0.1.jar (80 kB at 293 kB/s)
Downloading from central: https://repo.maven.apache.org/maven2/org/apache/maven/maven-plugin-registry/2.0.1/maven-plugin-registry-2.0.1.jar
Progress (1): 16/20 kBProgress (1): 20 kB                      Downloaded from central: https://repo.maven.apache.org/maven2/org/apache/maven/maven-repository-metadata/2.0.1/maven-repository-metadata-2.0.1.jar (20 kB at 70 kB/s)
Downloading from central: https://repo.maven.apache.org/maven2/org/apache/maven/maven-plugin-descriptor/2.0.1/maven-plugin-descriptor-2.0.1.jar
Progress (1): 4.0 kB                    Downloaded from central: https://repo.maven.apache.org/maven2/org/apache/maven/doxia/doxia-sink-api/1.0-alpha-6/doxia-sink-api-1.0-alpha-6.jar (4.0 kB at 8.1 kB/s)
Downloading from central: https://repo.maven.apache.org/maven2/org/apache/maven/maven-artifact-manager/2.0.1/maven-artifact-manager-2.0.1.jar
Progress (1): 16/49 kBProgress (1): 33/49 kBProgress (1): 49/49 kBProgress (1): 49 kB                      Downloaded from central: https://repo.maven.apache.org/maven2/org/apache/maven/maven-artifact-manager/2.0.1/maven-artifact-manager-2.0.1.jar (49 kB at 97 kB/s)
Downloading from central: https://repo.maven.apache.org/maven2/org/apache/maven/maven-monitor/2.0.1/maven-monitor-2.0.1.jar
Progress (1): 16/32 kBProgress (1): 32 kB                      Downloaded from central: https://repo.maven.apache.org/maven2/org/apache/maven/maven-plugin-descriptor/2.0.1/maven-plugin-descriptor-2.0.1.jar (32 kB at 60 kB/s)
Downloading from central: https://repo.maven.apache.org/maven2/org/apache/maven/maven-project/2.0.1/maven-project-2.0.1.jar
Progress (1): 16/105 kBProgress (1): 33/105 kBProgress (1): 49/105 kBProgress (1): 63/105 kBProgress (1): 79/105 kBProgress (1): 96/105 kBProgress (1): 105 kB                       Downloaded from central: https://repo.maven.apache.org/maven2/org/apache/maven/maven-project/2.0.1/maven-project-2.0.1.jar (105 kB at 194 kB/s)
Downloading from central: https://repo.maven.apache.org/maven2/org/apache/maven/maven-artifact/2.0.1/maven-artifact-2.0.1.jar
Progress (1): 8.5 kB                    Downloaded from central: https://repo.maven.apache.org/maven2/org/apache/maven/maven-error-diagnostics/2.0.1/maven-error-diagnostics-2.0.1.jar (8.5 kB at 16 kB/s)
Downloading from central: https://repo.maven.apache.org/maven2/org/codehaus/plexus/plexus-utils/1.5.6/plexus-utils-1.5.6.jar
Progress (1): 16/251 kBProgress (1): 33/251 kBProgress (2): 33/251 kB | 16/78 kBProgress (2): 33/251 kB | 33/78 kBProgress (2): 49/251 kB | 33/78 kBProgress (2): 49/251 kB | 49/78 kBProgress (2): 64/251 kB | 49/78 kBProgress (2): 64/251 kB | 62/78 kBProgress (2): 81/251 kB | 62/78 kBProgress (2): 81/251 kB | 78 kB   Progress (2): 97/251 kB | 78 kBProgress (2): 113/251 kB | 78 kBProgress (2): 130/251 kB | 78 kBProgress (2): 146/251 kB | 78 kBProgress (2): 163/251 kB | 78 kB                                Downloaded from central: https://repo.maven.apache.org/maven2/org/apache/maven/maven-artifact/2.0.1/maven-artifact-2.0.1.jar (78 kB at 140 kB/s)
Progress (1): 179/251 kBProgress (1): 192/251 kBProgress (1): 195/251 kBProgress (1): 212/251 kBProgress (1): 228/251 kBProgress (1): 245/251 kBProgress (1): 251 kB    Progress (2): 251 kB | 16/24 kBProgress (2): 251 kB | 24 kB                               Downloaded from central: https://repo.maven.apache.org/maven2/org/codehaus/plexus/plexus-utils/1.5.6/plexus-utils-1.5.6.jar (251 kB at 447 kB/s)
Downloaded from central: https://repo.maven.apache.org/maven2/org/apache/maven/maven-plugin-registry/2.0.1/maven-plugin-registry-2.0.1.jar (24 kB at 42 kB/s)
Progress (1): 16/242 kBProgress (1): 33/242 kBProgress (1): 48/242 kBProgress (1): 64/242 kBProgress (1): 80/242 kBProgress (1): 97/242 kBProgress (1): 113/242 kBProgress (1): 130/242 kBProgress (1): 146/242 kBProgress (1): 162/242 kBProgress (1): 179/242 kBProgress (1): 195/242 kBProgress (1): 212/242 kBProgress (1): 228/242 kBProgress (1): 242 kB                        Downloaded from central: https://repo.maven.apache.org/maven2/org/ow2/asm/asm-all/5.0.3/asm-all-5.0.3.jar (242 kB at 353 kB/s)
Progress (1): 5.6 kB                    Downloaded from central: https://repo.maven.apache.org/maven2/org/apache/maven/maven-monitor/2.0.1/maven-monitor-2.0.1.jar (5.6 kB at 7.4 kB/s)
[INFO] Checking unresolved references to org.codehaus.mojo.signature:java15:1.0
Downloading from central: https://repo.maven.apache.org/maven2/org/codehaus/mojo/signature/java15/1.0/java15-1.0.signature
Progress (1): 16/517 kBProgress (1): 33/517 kBProgress (1): 49/517 kBProgress (1): 66/517 kBProgress (1): 82/517 kBProgress (1): 98/517 kBProgress (1): 115/517 kBProgress (1): 131/517 kBProgress (1): 147/517 kBProgress (1): 164/517 kBProgress (1): 180/517 kBProgress (1): 197/517 kBProgress (1): 213/517 kBProgress (1): 229/517 kBProgress (1): 246/517 kBProgress (1): 256/517 kBProgress (1): 272/517 kBProgress (1): 289/517 kBProgress (1): 305/517 kBProgress (1): 321/517 kBProgress (1): 338/517 kBProgress (1): 354/517 kBProgress (1): 370/517 kBProgress (1): 387/517 kBProgress (1): 403/517 kBProgress (1): 420/517 kBProgress (1): 436/517 kBProgress (1): 452/517 kBProgress (1): 469/517 kBProgress (1): 485/517 kBProgress (1): 502/517 kBProgress (1): 517 kB                        Downloaded from central: https://repo.maven.apache.org/maven2/org/codehaus/mojo/signature/java15/1.0/java15-1.0.signature (517 kB at 1.7 MB/s)
[INFO] 
[INFO] --- jar:3.2.0:jar (default-jar) @ junit ---
Downloading from central: https://repo.maven.apache.org/maven2/org/codehaus/plexus/plexus-utils/2.0.4/plexus-utils-2.0.4.pom
Progress (1): 3.3 kB                    Downloaded from central: https://repo.maven.apache.org/maven2/org/codehaus/plexus/plexus-utils/2.0.4/plexus-utils-2.0.4.pom (3.3 kB at 185 kB/s)
Downloading from central: https://repo.maven.apache.org/maven2/org/apache/maven/shared/file-management/3.0.0/file-management-3.0.0.pom
Progress (1): 4.7 kB                    Downloaded from central: https://repo.maven.apache.org/maven2/org/apache/maven/shared/file-management/3.0.0/file-management-3.0.0.pom (4.7 kB at 781 kB/s)
Downloading from central: https://repo.maven.apache.org/maven2/org/apache/maven/shared/maven-shared-components/22/maven-shared-components-22.pom
Progress (1): 5.1 kB                    Downloaded from central: https://repo.maven.apache.org/maven2/org/apache/maven/shared/maven-shared-components/22/maven-shared-components-22.pom (5.1 kB at 852 kB/s)
Downloading from central: https://repo.maven.apache.org/maven2/org/apache/maven/maven-parent/27/maven-parent-27.pom
Progress (1): 16/41 kBProgress (1): 33/41 kBProgress (1): 41 kB                      Downloaded from central: https://repo.maven.apache.org/maven2/org/apache/maven/maven-parent/27/maven-parent-27.pom (41 kB at 5.1 MB/s)
Downloading from central: https://repo.maven.apache.org/maven2/org/apache/apache/17/apache-17.pom
Progress (1): 16 kB                   Downloaded from central: https://repo.maven.apache.org/maven2/org/apache/apache/17/apache-17.pom (16 kB at 2.7 MB/s)
Downloading from central: https://repo.maven.apache.org/maven2/org/apache/maven/shared/maven-shared-io/3.0.0/maven-shared-io-3.0.0.pom
Progress (1): 4.2 kB                    Downloaded from central: https://repo.maven.apache.org/maven2/org/apache/maven/shared/maven-shared-io/3.0.0/maven-shared-io-3.0.0.pom (4.2 kB at 154 kB/s)
Downloading from central: https://repo.maven.apache.org/maven2/org/codehaus/plexus/plexus-utils/1.4.2/plexus-utils-1.4.2.pom
Progress (1): 2.0 kB                    Downloaded from central: https://repo.maven.apache.org/maven2/org/codehaus/plexus/plexus-utils/1.4.2/plexus-utils-1.4.2.pom (2.0 kB at 280 kB/s)
Downloading from central: https://repo.maven.apache.org/maven2/org/apache/maven/wagon/wagon-provider-api/2.10/wagon-provider-api-2.10.pom
Progress (1): 1.7 kB                    Downloaded from central: https://repo.maven.apache.org/maven2/org/apache/maven/wagon/wagon-provider-api/2.10/wagon-provider-api-2.10.pom (1.7 kB at 247 kB/s)
Downloading from central: https://repo.maven.apache.org/maven2/org/apache/maven/wagon/wagon/2.10/wagon-2.10.pom
Progress (1): 16/21 kBProgress (1): 21 kB                      Downloaded from central: https://repo.maven.apache.org/maven2/org/apache/maven/wagon/wagon/2.10/wagon-2.10.pom (21 kB at 1.9 MB/s)
Downloading from central: https://repo.maven.apache.org/maven2/org/apache/maven/shared/maven-shared-utils/3.0.0/maven-shared-utils-3.0.0.pom
Progress (1): 5.6 kB                    Downloaded from central: https://repo.maven.apache.org/maven2/org/apache/maven/shared/maven-shared-utils/3.0.0/maven-shared-utils-3.0.0.pom (5.6 kB at 698 kB/s)
Downloading from central: https://repo.maven.apache.org/maven2/commons-io/commons-io/2.4/commons-io-2.4.pom
Progress (1): 10 kB                   Downloaded from central: https://repo.maven.apache.org/maven2/commons-io/commons-io/2.4/commons-io-2.4.pom (10 kB at 1.1 MB/s)
Downloading from central: https://repo.maven.apache.org/maven2/org/apache/commons/commons-parent/25/commons-parent-25.pom
Progress (1): 16/48 kBProgress (1): 33/48 kBProgress (1): 48 kB                      Downloaded from central: https://repo.maven.apache.org/maven2/org/apache/commons/commons-parent/25/commons-parent-25.pom (48 kB at 3.2 MB/s)
Downloading from central: https://repo.maven.apache.org/maven2/org/codehaus/plexus/plexus-utils/3.0.22/plexus-utils-3.0.22.pom
Progress (1): 3.8 kB                    Downloaded from central: https://repo.maven.apache.org/maven2/org/codehaus/plexus/plexus-utils/3.0.22/plexus-utils-3.0.22.pom (3.8 kB at 192 kB/s)
Downloading from central: https://repo.maven.apache.org/maven2/org/apache/maven/maven-archiver/3.5.0/maven-archiver-3.5.0.pom
Progress (1): 4.5 kB                    Downloaded from central: https://repo.maven.apache.org/maven2/org/apache/maven/maven-archiver/3.5.0/maven-archiver-3.5.0.pom (4.5 kB at 194 kB/s)
Downloading from central: https://repo.maven.apache.org/maven2/org/apache/maven/shared/maven-shared-utils/3.2.1/maven-shared-utils-3.2.1.pom
Progress (1): 5.6 kB                    Downloaded from central: https://repo.maven.apache.org/maven2/org/apache/maven/shared/maven-shared-utils/3.2.1/maven-shared-utils-3.2.1.pom (5.6 kB at 939 kB/s)
Downloading from central: https://repo.maven.apache.org/maven2/org/codehaus/plexus/plexus-archiver/4.2.0/plexus-archiver-4.2.0.pom
Progress (1): 4.8 kB                    Downloaded from central: https://repo.maven.apache.org/maven2/org/codehaus/plexus/plexus-archiver/4.2.0/plexus-archiver-4.2.0.pom (4.8 kB at 604 kB/s)
Downloading from central: https://repo.maven.apache.org/maven2/org/codehaus/plexus/plexus-io/3.2.0/plexus-io-3.2.0.pom
Progress (1): 4.5 kB                    Downloaded from central: https://repo.maven.apache.org/maven2/org/codehaus/plexus/plexus-io/3.2.0/plexus-io-3.2.0.pom (4.5 kB at 649 kB/s)
Downloading from central: https://repo.maven.apache.org/maven2/org/apache/commons/commons-compress/1.19/commons-compress-1.19.pom
Progress (1): 16/18 kBProgress (1): 18 kB                      Downloaded from central: https://repo.maven.apache.org/maven2/org/apache/commons/commons-compress/1.19/commons-compress-1.19.pom (18 kB at 2.3 MB/s)
Downloading from central: https://repo.maven.apache.org/maven2/org/apache/commons/commons-parent/48/commons-parent-48.pom
Progress (1): 16/72 kBProgress (1): 33/72 kBProgress (1): 49/72 kBProgress (1): 66/72 kBProgress (1): 72 kB                      Downloaded from central: https://repo.maven.apache.org/maven2/org/apache/commons/commons-parent/48/commons-parent-48.pom (72 kB at 7.2 MB/s)
Downloading from central: https://repo.maven.apache.org/maven2/org/iq80/snappy/snappy/0.4/snappy-0.4.pom
Progress (1): 15 kB                   Downloaded from central: https://repo.maven.apache.org/maven2/org/iq80/snappy/snappy/0.4/snappy-0.4.pom (15 kB at 692 kB/s)
Downloading from central: https://repo.maven.apache.org/maven2/org/tukaani/xz/1.8/xz-1.8.pom
Progress (1): 1.9 kB                    Downloaded from central: https://repo.maven.apache.org/maven2/org/tukaani/xz/1.8/xz-1.8.pom (1.9 kB at 100 kB/s)
Downloading from central: https://repo.maven.apache.org/maven2/org/codehaus/plexus/plexus-interpolation/1.25/plexus-interpolation-1.25.pom
Progress (1): 2.6 kB                    Downloaded from central: https://repo.maven.apache.org/maven2/org/codehaus/plexus/plexus-interpolation/1.25/plexus-interpolation-1.25.pom (2.6 kB at 378 kB/s)
Downloading from central: https://repo.maven.apache.org/maven2/org/codehaus/plexus/plexus-archiver/4.2.1/plexus-archiver-4.2.1.pom
Progress (1): 4.8 kB                    Downloaded from central: https://repo.maven.apache.org/maven2/org/codehaus/plexus/plexus-archiver/4.2.1/plexus-archiver-4.2.1.pom (4.8 kB at 484 kB/s)
Downloading from central: https://repo.maven.apache.org/maven2/org/apache/maven/shared/file-management/3.0.0/file-management-3.0.0.jar
Progress (1): 16/35 kBProgress (1): 32/35 kBProgress (1): 35 kB                      Downloaded from central: https://repo.maven.apache.org/maven2/org/apache/maven/shared/file-management/3.0.0/file-management-3.0.0.jar (35 kB at 3.9 MB/s)
Downloading from central: https://repo.maven.apache.org/maven2/org/apache/maven/shared/maven-shared-io/3.0.0/maven-shared-io-3.0.0.jar
Downloading from central: https://repo.maven.apache.org/maven2/org/apache/maven/maven-archiver/3.5.0/maven-archiver-3.5.0.jar
Downloading from central: https://repo.maven.apache.org/maven2/org/apache/maven/wagon/wagon-provider-api/2.10/wagon-provider-api-2.10.jar
Downloading from central: https://repo.maven.apache.org/maven2/org/apache/maven/shared/maven-shared-utils/3.2.1/maven-shared-utils-3.2.1.jar
Downloading from central: https://repo.maven.apache.org/maven2/org/codehaus/plexus/plexus-archiver/4.2.1/plexus-archiver-4.2.1.jar
Progress (1): 16/54 kBProgress (1): 33/54 kBProgress (1): 49/54 kBProgress (1): 54 kB   Progress (2): 54 kB | 16/167 kB                               Downloaded from central: https://repo.maven.apache.org/maven2/org/apache/maven/wagon/wagon-provider-api/2.10/wagon-provider-api-2.10.jar (54 kB at 2.2 MB/s)
Downloading from central: https://repo.maven.apache.org/maven2/org/codehaus/plexus/plexus-io/3.2.0/plexus-io-3.2.0.jar
Progress (1): 33/167 kBProgress (1): 49/167 kBProgress (1): 63/167 kBProgress (1): 63/167 kBProgress (1): 80/167 kBProgress (1): 96/167 kBProgress (2): 96/167 kB | 16/26 kBProgress (2): 96/167 kB | 26 kB                                  Downloaded from central: https://repo.maven.apache.org/maven2/org/apache/maven/maven-archiver/3.5.0/maven-archiver-3.5.0.jar (26 kB at 1.1 MB/s)
Downloading from central: https://repo.maven.apache.org/maven2/org/apache/commons/commons-compress/1.19/commons-compress-1.19.jar
Progress (1): 112/167 kBProgress (1): 126/167 kBProgress (1): 129/167 kBProgress (1): 145/167 kBProgress (2): 145/167 kB | 16/41 kBProgress (2): 145/167 kB | 33/41 kBProgress (2): 145/167 kB | 41 kB                                   Downloaded from central: https://repo.maven.apache.org/maven2/org/apache/maven/shared/maven-shared-io/3.0.0/maven-shared-io-3.0.0.jar (41 kB at 1.3 MB/s)
Progress (2): 145/167 kB | 16/76 kBProgress (2): 145/167 kB | 33/76 kBProgress (2): 145/167 kB | 49/76 kBProgress (2): 145/167 kB | 61/76 kBProgress (2): 145/167 kB | 76 kB                                   Downloaded from central: https://repo.maven.apache.org/maven2/org/codehaus/plexus/plexus-io/3.2.0/plexus-io-3.2.0.jar (76 kB at 2.9 MB/s)
Downloading from central: https://repo.maven.apache.org/maven2/org/iq80/snappy/snappy/0.4/snappy-0.4.jar
Downloading from central: https://repo.maven.apache.org/maven2/org/tukaani/xz/1.8/xz-1.8.jar
Progress (1): 161/167 kBProgress (2): 161/167 kB | 16/615 kBProgress (2): 161/167 kB | 33/615 kBProgress (2): 167 kB | 33/615 kB    Progress (3): 167 kB | 33/615 kB | 16/196 kBProgress (3): 167 kB | 33/615 kB | 33/196 kBProgress (3): 167 kB | 33/615 kB | 49/196 kBProgress (3): 167 kB | 33/615 kB | 64/196 kBProgress (3): 167 kB | 33/615 kB | 80/196 kBProgress (3): 167 kB | 49/615 kB | 80/196 kBProgress (3): 167 kB | 49/615 kB | 96/196 kBProgress (3): 167 kB | 62/615 kB | 96/196 kBProgress (3): 167 kB | 62/615 kB | 113/196 kB                                             Downloaded from central: https://repo.maven.apache.org/maven2/org/apache/maven/shared/maven-shared-utils/3.2.1/maven-shared-utils-3.2.1.jar (167 kB at 3.7 MB/s)
Progress (2): 62/615 kB | 129/196 kBProgress (2): 78/615 kB | 129/196 kBProgress (2): 78/615 kB | 146/196 kBProgress (2): 78/615 kB | 162/196 kBProgress (2): 78/615 kB | 178/196 kBProgress (3): 78/615 kB | 178/196 kB | 16/109 kBProgress (3): 78/615 kB | 178/196 kB | 33/109 kBProgress (3): 78/615 kB | 178/196 kB | 49/109 kBProgress (3): 78/615 kB | 178/196 kB | 64/109 kBProgress (4): 78/615 kB | 178/196 kB | 64/109 kB | 16/58 kBProgress (4): 78/615 kB | 178/196 kB | 64/109 kB | 33/58 kBProgress (4): 78/615 kB | 178/196 kB | 64/109 kB | 49/58 kBProgress (4): 78/615 kB | 178/196 kB | 81/109 kB | 49/58 kBProgress (4): 78/615 kB | 178/196 kB | 97/109 kB | 49/58 kBProgress (4): 95/615 kB | 178/196 kB | 97/109 kB | 49/58 kBProgress (4): 95/615 kB | 178/196 kB | 109 kB | 49/58 kB   Progress (4): 95/615 kB | 178/196 kB | 109 kB | 58 kB   Progress (4): 111/615 kB | 178/196 kB | 109 kB | 58 kB                                                      Downloaded from central: https://repo.maven.apache.org/maven2/org/tukaani/xz/1.8/xz-1.8.jar (109 kB at 2.0 MB/s)
Downloaded from central: https://repo.maven.apache.org/maven2/org/iq80/snappy/snappy/0.4/snappy-0.4.jar (58 kB at 1.1 MB/s)
Progress (2): 111/615 kB | 195/196 kBProgress (2): 111/615 kB | 196 kB    Progress (2): 128/615 kB | 196 kB                                 Downloaded from central: https://repo.maven.apache.org/maven2/org/codehaus/plexus/plexus-archiver/4.2.1/plexus-archiver-4.2.1.jar (196 kB at 2.9 MB/s)
Progress (1): 144/615 kBProgress (1): 160/615 kBProgress (1): 177/615 kBProgress (1): 193/615 kBProgress (1): 210/615 kBProgress (1): 226/615 kBProgress (1): 242/615 kBProgress (1): 256/615 kBProgress (1): 259/615 kBProgress (1): 275/615 kBProgress (1): 291/615 kBProgress (1): 308/615 kBProgress (1): 324/615 kBProgress (1): 341/615 kBProgress (1): 357/615 kBProgress (1): 373/615 kBProgress (1): 390/615 kBProgress (1): 406/615 kBProgress (1): 423/615 kBProgress (1): 439/615 kBProgress (1): 455/615 kBProgress (1): 472/615 kBProgress (1): 488/615 kBProgress (1): 504/615 kBProgress (1): 521/615 kBProgress (1): 537/615 kBProgress (1): 554/615 kBProgress (1): 570/615 kBProgress (1): 586/615 kBProgress (1): 603/615 kBProgress (1): 615 kB                        Downloaded from central: https://repo.maven.apache.org/maven2/org/apache/commons/commons-compress/1.19/commons-compress-1.19.jar (615 kB at 7.0 MB/s)
[INFO] Building jar: /home/jenkins/agent/workspace/maven/target/junit-4.13.3-SNAPSHOT.jar
[INFO] 
[INFO] --- install:2.5.2:install (default-install) @ junit ---
Downloading from central: https://repo.maven.apache.org/maven2/commons-codec/commons-codec/1.6/commons-codec-1.6.pom
Progress (1): 11 kB                   Downloaded from central: https://repo.maven.apache.org/maven2/commons-codec/commons-codec/1.6/commons-codec-1.6.pom (11 kB at 858 kB/s)
Downloading from central: https://repo.maven.apache.org/maven2/org/apache/maven/shared/maven-shared-utils/0.4/maven-shared-utils-0.4.pom
Progress (1): 4.0 kB                    Downloaded from central: https://repo.maven.apache.org/maven2/org/apache/maven/shared/maven-shared-utils/0.4/maven-shared-utils-0.4.pom (4.0 kB at 368 kB/s)
Downloading from central: https://repo.maven.apache.org/maven2/commons-codec/commons-codec/1.6/commons-codec-1.6.jar
Progress (1): 16/233 kBProgress (1): 33/233 kBProgress (1): 49/233 kBProgress (1): 62/233 kBProgress (1): 78/233 kBProgress (1): 95/233 kBProgress (1): 111/233 kBProgress (1): 124/233 kBProgress (1): 141/233 kBProgress (1): 157/233 kBProgress (1): 174/233 kBProgress (1): 177/233 kBProgress (1): 193/233 kBProgress (1): 209/233 kBProgress (1): 226/233 kBProgress (1): 233 kB                        Downloaded from central: https://repo.maven.apache.org/maven2/commons-codec/commons-codec/1.6/commons-codec-1.6.jar (233 kB at 9.3 MB/s)
Downloading from central: https://repo.maven.apache.org/maven2/org/apache/maven/shared/maven-shared-utils/0.4/maven-shared-utils-0.4.jar
Progress (1): 16/155 kBProgress (1): 33/155 kBProgress (1): 49/155 kBProgress (1): 63/155 kBProgress (1): 80/155 kBProgress (1): 96/155 kBProgress (1): 112/155 kBProgress (1): 129/155 kBProgress (1): 145/155 kBProgress (1): 155 kB                        Downloaded from central: https://repo.maven.apache.org/maven2/org/apache/maven/shared/maven-shared-utils/0.4/maven-shared-utils-0.4.jar (155 kB at 4.1 MB/s)
[INFO] Installing /home/jenkins/agent/workspace/maven/target/junit-4.13.3-SNAPSHOT.jar to /home/jenkins/.m2/repository/junit/junit/4.13.3-SNAPSHOT/junit-4.13.3-SNAPSHOT.jar
[INFO] Installing /home/jenkins/agent/workspace/maven/pom.xml to /home/jenkins/.m2/repository/junit/junit/4.13.3-SNAPSHOT/junit-4.13.3-SNAPSHOT.pom
[INFO] ------------------------------------------------------------------------
[INFO] BUILD SUCCESS
[INFO] ------------------------------------------------------------------------
[INFO] Total time:  28.182 s
[INFO] Finished at: 2024-09-20T09:07:07Z
[INFO] ------------------------------------------------------------------------
Archiving artifacts
Finished: SUCCESS
